mode: set
github.com/devantler-tech/ksail-go/cmd/down.go:10.34,19.2 2 1
github.com/devantler-tech/ksail-go/cmd/down.go:22.59,26.2 2 1
github.com/devantler-tech/ksail-go/cmd/init.go:10.34,23.2 4 1
github.com/devantler-tech/ksail-go/cmd/init.go:26.59,30.2 2 1
github.com/devantler-tech/ksail-go/cmd/list.go:10.34,22.2 3 1
github.com/devantler-tech/ksail-go/cmd/list.go:25.59,27.9 2 1
github.com/devantler-tech/ksail-go/cmd/list.go:27.9,29.3 1 1
github.com/devantler-tech/ksail-go/cmd/list.go:29.8,31.3 1 1
github.com/devantler-tech/ksail-go/cmd/list.go:33.2,33.12 1 1
github.com/devantler-tech/ksail-go/cmd/reconcile.go:10.39,19.2 2 1
github.com/devantler-tech/ksail-go/cmd/reconcile.go:22.64,26.2 2 1
github.com/devantler-tech/ksail-go/cmd/root.go:17.62,42.2 11 1
github.com/devantler-tech/ksail-go/cmd/root.go:45.40,47.16 2 1
github.com/devantler-tech/ksail-go/cmd/root.go:47.16,49.3 1 1
github.com/devantler-tech/ksail-go/cmd/root.go:51.2,51.12 1 1
github.com/devantler-tech/ksail-go/cmd/root.go:57.59,64.2 3 1
github.com/devantler-tech/ksail-go/cmd/start.go:10.35,19.2 2 1
github.com/devantler-tech/ksail-go/cmd/start.go:22.60,26.2 2 1
github.com/devantler-tech/ksail-go/cmd/status.go:10.36,19.2 2 1
github.com/devantler-tech/ksail-go/cmd/status.go:22.61,26.2 2 1
github.com/devantler-tech/ksail-go/cmd/stop.go:10.34,19.2 2 1
github.com/devantler-tech/ksail-go/cmd/stop.go:22.59,26.2 2 1
github.com/devantler-tech/ksail-go/cmd/up.go:10.32,19.2 2 1
github.com/devantler-tech/ksail-go/cmd/up.go:22.57,26.2 2 1
github.com/devantler-tech/ksail-go/main.go:18.13,22.16 3 1
github.com/devantler-tech/ksail-go/main.go:22.16,25.3 2 0
github.com/devantler-tech/ksail-go/main.go:27.2,27.12 1 1
github.com/devantler-tech/ksail-go/cmd/ui/asciiart/ksail_logo.go:22.39,27.33 3 1
github.com/devantler-tech/ksail-go/cmd/ui/asciiart/ksail_logo.go:27.33,28.10 1 1
github.com/devantler-tech/ksail-go/cmd/ui/asciiart/ksail_logo.go:29.28,30.41 1 1
github.com/devantler-tech/ksail-go/cmd/ui/asciiart/ksail_logo.go:31.29,32.39 1 1
github.com/devantler-tech/ksail-go/cmd/ui/asciiart/ksail_logo.go:33.41,34.40 1 1
github.com/devantler-tech/ksail-go/cmd/ui/asciiart/ksail_logo.go:35.42,36.36 1 1
github.com/devantler-tech/ksail-go/cmd/ui/asciiart/ksail_logo.go:37.11,38.39 1 1
github.com/devantler-tech/ksail-go/cmd/ui/asciiart/ksail_logo.go:46.56,46.83 1 1
github.com/devantler-tech/ksail-go/cmd/ui/asciiart/ksail_logo.go:47.56,47.85 1 1
github.com/devantler-tech/ksail-go/cmd/ui/asciiart/ksail_logo.go:50.33,50.81 1 1
github.com/devantler-tech/ksail-go/cmd/ui/asciiart/ksail_logo.go:51.33,51.79 1 1
github.com/devantler-tech/ksail-go/cmd/ui/asciiart/ksail_logo.go:52.33,52.80 1 1
github.com/devantler-tech/ksail-go/cmd/ui/asciiart/ksail_logo.go:53.33,53.67 1 1
github.com/devantler-tech/ksail-go/cmd/ui/asciiart/ksail_logo.go:55.57,56.33 1 1
github.com/devantler-tech/ksail-go/cmd/ui/asciiart/ksail_logo.go:56.33,61.3 4 1
github.com/devantler-tech/ksail-go/cmd/ui/asciiart/ksail_logo.go:61.8,63.3 1 0
github.com/devantler-tech/ksail-go/cmd/ui/asciiart/ksail_logo.go:66.53,67.38 1 1
github.com/devantler-tech/ksail-go/cmd/ui/asciiart/ksail_logo.go:67.38,70.3 2 1
github.com/devantler-tech/ksail-go/cmd/ui/asciiart/ksail_logo.go:70.8,72.3 1 0
github.com/devantler-tech/ksail-go/cmd/ui/notify/notify.go:24.56,27.2 2 1
github.com/devantler-tech/ksail-go/cmd/ui/notify/notify.go:30.40,33.2 2 1
github.com/devantler-tech/ksail-go/cmd/ui/notify/notify.go:36.42,39.2 2 1
github.com/devantler-tech/ksail-go/cmd/ui/notify/notify.go:42.55,45.2 2 1
github.com/devantler-tech/ksail-go/cmd/ui/notify/notify.go:48.39,51.2 2 1
github.com/devantler-tech/ksail-go/cmd/ui/notify/notify.go:54.41,57.2 2 1
github.com/devantler-tech/ksail-go/cmd/ui/notify/notify.go:59.58,62.2 2 1
github.com/devantler-tech/ksail-go/cmd/ui/notify/notify.go:65.42,68.2 2 1
github.com/devantler-tech/ksail-go/cmd/ui/notify/notify.go:71.44,74.2 2 1
github.com/devantler-tech/ksail-go/cmd/ui/notify/notify.go:77.59,80.2 2 1
github.com/devantler-tech/ksail-go/cmd/ui/notify/notify.go:83.43,86.2 2 1
github.com/devantler-tech/ksail-go/cmd/ui/notify/notify.go:89.45,92.2 2 1
github.com/devantler-tech/ksail-go/cmd/ui/notify/notify.go:97.84,101.2 3 1
github.com/devantler-tech/ksail-go/cmd/ui/notify/notify.go:104.75,107.2 2 1
github.com/devantler-tech/ksail-go/cmd/ui/notify/notify.go:110.77,113.2 2 1
github.com/devantler-tech/ksail-go/cmd/ui/notify/notify.go:116.35,117.16 1 1
github.com/devantler-tech/ksail-go/cmd/ui/notify/notify.go:117.16,119.3 1 0
github.com/devantler-tech/ksail-go/cmd/ui/quiet/quiet.go:10.49,12.16 2 1
github.com/devantler-tech/ksail-go/cmd/ui/quiet/quiet.go:12.16,14.3 1 0
github.com/devantler-tech/ksail-go/cmd/ui/quiet/quiet.go:16.2,16.15 1 1
github.com/devantler-tech/ksail-go/cmd/ui/quiet/quiet.go:16.15,18.17 2 1
github.com/devantler-tech/ksail-go/cmd/ui/quiet/quiet.go:18.17,20.4 1 0
github.com/devantler-tech/ksail-go/cmd/ui/quiet/quiet.go:23.2,26.15 3 1
github.com/devantler-tech/ksail-go/cmd/ui/quiet/quiet.go:26.15,26.34 1 1
github.com/devantler-tech/ksail-go/cmd/ui/quiet/quiet.go:28.2,28.19 1 1
github.com/devantler-tech/ksail-go/internal/utils/path/path_utils.go:11.50,12.35 1 1
github.com/devantler-tech/ksail-go/internal/utils/path/path_utils.go:12.35,16.3 2 1
github.com/devantler-tech/ksail-go/internal/utils/path/path_utils.go:18.2,18.18 1 1
github.com/devantler-tech/ksail-go/pkg/apis/cluster/v1alpha1/constructors.go:27.53,34.30 2 1
github.com/devantler-tech/ksail-go/pkg/apis/cluster/v1alpha1/constructors.go:34.30,36.3 1 1
github.com/devantler-tech/ksail-go/pkg/apis/cluster/v1alpha1/constructors.go:38.2,40.16 2 1
github.com/devantler-tech/ksail-go/pkg/apis/cluster/v1alpha1/constructors.go:44.51,45.26 1 1
github.com/devantler-tech/ksail-go/pkg/apis/cluster/v1alpha1/constructors.go:45.26,47.3 1 1
github.com/devantler-tech/ksail-go/pkg/apis/cluster/v1alpha1/constructors.go:51.69,52.26 1 1
github.com/devantler-tech/ksail-go/pkg/apis/cluster/v1alpha1/constructors.go:52.26,54.3 1 1
github.com/devantler-tech/ksail-go/pkg/apis/cluster/v1alpha1/constructors.go:58.69,59.26 1 1
github.com/devantler-tech/ksail-go/pkg/apis/cluster/v1alpha1/constructors.go:59.26,61.3 1 1
github.com/devantler-tech/ksail-go/pkg/apis/cluster/v1alpha1/constructors.go:65.63,66.26 1 1
github.com/devantler-tech/ksail-go/pkg/apis/cluster/v1alpha1/constructors.go:66.26,68.3 1 1
github.com/devantler-tech/ksail-go/pkg/apis/cluster/v1alpha1/constructors.go:72.72,73.26 1 1
github.com/devantler-tech/ksail-go/pkg/apis/cluster/v1alpha1/constructors.go:73.26,75.3 1 1
github.com/devantler-tech/ksail-go/pkg/apis/cluster/v1alpha1/constructors.go:79.42,80.26 1 1
github.com/devantler-tech/ksail-go/pkg/apis/cluster/v1alpha1/constructors.go:80.26,82.3 1 1
github.com/devantler-tech/ksail-go/pkg/apis/cluster/v1alpha1/constructors.go:86.42,87.26 1 1
github.com/devantler-tech/ksail-go/pkg/apis/cluster/v1alpha1/constructors.go:87.26,89.3 1 1
github.com/devantler-tech/ksail-go/pkg/apis/cluster/v1alpha1/constructors.go:93.84,94.26 1 1
github.com/devantler-tech/ksail-go/pkg/apis/cluster/v1alpha1/constructors.go:94.26,96.3 1 1
github.com/devantler-tech/ksail-go/pkg/apis/cluster/v1alpha1/constructors.go:100.84,101.26 1 1
github.com/devantler-tech/ksail-go/pkg/apis/cluster/v1alpha1/constructors.go:101.26,103.3 1 1
github.com/devantler-tech/ksail-go/pkg/apis/cluster/v1alpha1/constructors.go:107.87,108.26 1 1
github.com/devantler-tech/ksail-go/pkg/apis/cluster/v1alpha1/constructors.go:108.26,110.3 1 1
github.com/devantler-tech/ksail-go/pkg/apis/cluster/v1alpha1/constructors.go:116.33,120.2 3 1
github.com/devantler-tech/ksail-go/pkg/apis/cluster/v1alpha1/constructors.go:122.41,123.27 1 1
github.com/devantler-tech/ksail-go/pkg/apis/cluster/v1alpha1/constructors.go:123.27,125.3 1 1
github.com/devantler-tech/ksail-go/pkg/apis/cluster/v1alpha1/constructors.go:128.37,129.37 1 1
github.com/devantler-tech/ksail-go/pkg/apis/cluster/v1alpha1/constructors.go:129.37,131.3 1 1
github.com/devantler-tech/ksail-go/pkg/apis/cluster/v1alpha1/constructors.go:133.2,133.34 1 1
github.com/devantler-tech/ksail-go/pkg/apis/cluster/v1alpha1/constructors.go:133.34,135.3 1 1
github.com/devantler-tech/ksail-go/pkg/apis/cluster/v1alpha1/constructors.go:137.2,137.31 1 1
github.com/devantler-tech/ksail-go/pkg/apis/cluster/v1alpha1/constructors.go:137.31,139.3 1 1
github.com/devantler-tech/ksail-go/pkg/apis/cluster/v1alpha1/constructors.go:141.2,141.37 1 1
github.com/devantler-tech/ksail-go/pkg/apis/cluster/v1alpha1/constructors.go:141.37,143.3 1 1
github.com/devantler-tech/ksail-go/pkg/apis/cluster/v1alpha1/constructors.go:145.2,145.22 1 1
github.com/devantler-tech/ksail-go/pkg/apis/cluster/v1alpha1/constructors.go:145.22,147.3 1 1
github.com/devantler-tech/ksail-go/pkg/apis/cluster/v1alpha1/constructors.go:149.2,149.22 1 1
github.com/devantler-tech/ksail-go/pkg/apis/cluster/v1alpha1/constructors.go:149.22,151.3 1 1
github.com/devantler-tech/ksail-go/pkg/apis/cluster/v1alpha1/constructors.go:153.2,153.36 1 1
github.com/devantler-tech/ksail-go/pkg/apis/cluster/v1alpha1/constructors.go:153.36,155.3 1 1
github.com/devantler-tech/ksail-go/pkg/apis/cluster/v1alpha1/constructors.go:157.2,157.36 1 1
github.com/devantler-tech/ksail-go/pkg/apis/cluster/v1alpha1/constructors.go:157.36,159.3 1 1
github.com/devantler-tech/ksail-go/pkg/apis/cluster/v1alpha1/constructors.go:164.47,165.40 1 1
github.com/devantler-tech/ksail-go/pkg/apis/cluster/v1alpha1/constructors.go:165.40,167.3 1 1
github.com/devantler-tech/ksail-go/pkg/apis/cluster/v1alpha1/constructors.go:169.2,169.37 1 1
github.com/devantler-tech/ksail-go/pkg/apis/cluster/v1alpha1/constructors.go:169.37,171.3 1 1
github.com/devantler-tech/ksail-go/pkg/apis/cluster/v1alpha1/constructors.go:173.2,173.45 1 1
github.com/devantler-tech/ksail-go/pkg/apis/cluster/v1alpha1/constructors.go:173.45,175.3 1 1
github.com/devantler-tech/ksail-go/pkg/apis/cluster/v1alpha1/constructors.go:181.48,183.44 1 1
github.com/devantler-tech/ksail-go/pkg/apis/cluster/v1alpha1/constructors.go:183.44,184.45 1 1
github.com/devantler-tech/ksail-go/pkg/apis/cluster/v1alpha1/constructors.go:184.45,188.4 2 1
github.com/devantler-tech/ksail-go/pkg/apis/cluster/v1alpha1/constructors.go:191.2,192.86 1 1
github.com/devantler-tech/ksail-go/pkg/apis/cluster/v1alpha1/constructors.go:196.54,198.50 1 1
github.com/devantler-tech/ksail-go/pkg/apis/cluster/v1alpha1/constructors.go:198.50,199.45 1 1
github.com/devantler-tech/ksail-go/pkg/apis/cluster/v1alpha1/constructors.go:199.45,203.4 2 1
github.com/devantler-tech/ksail-go/pkg/apis/cluster/v1alpha1/constructors.go:206.2,207.116 1 1
github.com/devantler-tech/ksail-go/pkg/apis/cluster/v1alpha1/constructors.go:213.40,215.2 1 1
github.com/devantler-tech/ksail-go/pkg/apis/cluster/v1alpha1/constructors.go:218.38,220.2 1 1
github.com/devantler-tech/ksail-go/pkg/apis/cluster/v1alpha1/constructors.go:223.46,225.2 1 1
github.com/devantler-tech/ksail-go/pkg/apis/cluster/v1alpha1/constructors.go:228.44,230.2 1 1
github.com/devantler-tech/ksail-go/pkg/apis/cluster/v1alpha1/types.go:61.42,63.2 1 1
github.com/devantler-tech/ksail-go/pkg/apis/cluster/v1alpha1/types.go:124.54,130.2 1 1
github.com/devantler-tech/ksail-go/pkg/io/reader.go:18.62,21.44 2 1
github.com/devantler-tech/ksail-go/pkg/io/reader.go:21.44,23.3 1 1
github.com/devantler-tech/ksail-go/pkg/io/reader.go:25.2,26.16 2 1
github.com/devantler-tech/ksail-go/pkg/io/reader.go:26.16,28.3 1 1
github.com/devantler-tech/ksail-go/pkg/io/reader.go:30.2,30.18 1 1
github.com/devantler-tech/ksail-go/pkg/io/writer.go:17.87,19.12 1 1
github.com/devantler-tech/ksail-go/pkg/io/writer.go:19.12,21.17 2 1
github.com/devantler-tech/ksail-go/pkg/io/writer.go:21.17,23.4 1 1
github.com/devantler-tech/ksail-go/pkg/io/writer.go:23.9,23.45 1 1
github.com/devantler-tech/ksail-go/pkg/io/writer.go:23.45,25.4 1 1
github.com/devantler-tech/ksail-go/pkg/io/writer.go:28.2,29.16 2 1
github.com/devantler-tech/ksail-go/pkg/io/writer.go:29.16,31.3 1 1
github.com/devantler-tech/ksail-go/pkg/io/writer.go:33.2,33.21 1 1
github.com/devantler-tech/ksail-go/pkg/io/generator/eks/generator.go:22.38,29.2 2 1
github.com/devantler-tech/ksail-go/pkg/io/generator/eks/generator.go:32.106,37.16 3 1
github.com/devantler-tech/ksail-go/pkg/io/generator/eks/generator.go:37.16,39.3 1 1
github.com/devantler-tech/ksail-go/pkg/io/generator/eks/generator.go:42.2,42.23 1 1
github.com/devantler-tech/ksail-go/pkg/io/generator/eks/generator.go:42.23,44.17 2 1
github.com/devantler-tech/ksail-go/pkg/io/generator/eks/generator.go:44.17,46.4 1 1
github.com/devantler-tech/ksail-go/pkg/io/generator/eks/generator.go:48.3,48.21 1 1
github.com/devantler-tech/ksail-go/pkg/io/generator/eks/generator.go:51.2,51.17 1 1
github.com/devantler-tech/ksail-go/pkg/io/generator/k3d/generator.go:24.38,31.2 2 1
github.com/devantler-tech/ksail-go/pkg/io/generator/k3d/generator.go:34.104,46.16 3 1
github.com/devantler-tech/ksail-go/pkg/io/generator/k3d/generator.go:46.16,48.3 1 1
github.com/devantler-tech/ksail-go/pkg/io/generator/k3d/generator.go:51.2,51.23 1 1
github.com/devantler-tech/ksail-go/pkg/io/generator/k3d/generator.go:51.23,53.17 2 1
github.com/devantler-tech/ksail-go/pkg/io/generator/k3d/generator.go:53.17,55.4 1 1
github.com/devantler-tech/ksail-go/pkg/io/generator/k3d/generator.go:57.3,57.21 1 1
github.com/devantler-tech/ksail-go/pkg/io/generator/k3d/generator.go:60.2,60.17 1 1
github.com/devantler-tech/ksail-go/pkg/io/generator/kind/generator.go:22.40,29.2 2 1
github.com/devantler-tech/ksail-go/pkg/io/generator/kind/generator.go:32.101,40.16 5 1
github.com/devantler-tech/ksail-go/pkg/io/generator/kind/generator.go:40.16,42.3 1 1
github.com/devantler-tech/ksail-go/pkg/io/generator/kind/generator.go:45.2,45.23 1 1
github.com/devantler-tech/ksail-go/pkg/io/generator/kind/generator.go:45.23,47.17 2 1
github.com/devantler-tech/ksail-go/pkg/io/generator/kind/generator.go:47.17,49.4 1 1
github.com/devantler-tech/ksail-go/pkg/io/generator/kind/generator.go:51.3,51.21 1 1
github.com/devantler-tech/ksail-go/pkg/io/generator/kind/generator.go:54.2,54.17 1 1
github.com/devantler-tech/ksail-go/internal/testutils/errors.go:13.97,17.17 2 0
github.com/devantler-tech/ksail-go/internal/testutils/errors.go:17.17,19.3 1 0
github.com/devantler-tech/ksail-go/internal/testutils/errors.go:19.8,21.3 1 0
github.com/devantler-tech/ksail-go/internal/testutils/errors.go:24.2,24.20 1 0
github.com/devantler-tech/ksail-go/internal/testutils/errors.go:24.20,26.3 1 0
github.com/devantler-tech/ksail-go/internal/testutils/errors.go:30.78,33.20 2 0
github.com/devantler-tech/ksail-go/internal/testutils/errors.go:33.20,37.3 2 0
github.com/devantler-tech/ksail-go/internal/testutils/errors.go:40.2,40.45 1 0
github.com/devantler-tech/ksail-go/internal/testutils/file.go:18.65,25.2 4 0
github.com/devantler-tech/ksail-go/internal/testutils/file.go:29.80,39.2 7 0
github.com/devantler-tech/ksail-go/internal/testutils/marshal.go:12.79,19.2 4 0
github.com/devantler-tech/ksail-go/internal/testutils/marshal.go:22.90,27.2 3 0
github.com/devantler-tech/ksail-go/internal/testutils/marshal.go:30.96,35.2 3 0
github.com/devantler-tech/ksail-go/internal/testutils/namecases.go:16.57,21.2 1 0
github.com/devantler-tech/ksail-go/internal/testutils/namecases.go:24.87,27.26 2 0
github.com/devantler-tech/ksail-go/internal/testutils/namecases.go:27.26,29.36 1 0
github.com/devantler-tech/ksail-go/internal/testutils/namecases.go:29.36,32.4 2 0
github.com/devantler-tech/ksail-go/internal/testutils/string.go:11.74,14.25 2 0
github.com/devantler-tech/ksail-go/internal/testutils/string.go:14.25,16.3 1 0
github.com/devantler-tech/ksail-go/internal/testutils/string.go:20.82,23.30 2 0
github.com/devantler-tech/ksail-go/internal/testutils/string.go:23.30,24.40 1 0
github.com/devantler-tech/ksail-go/internal/testutils/string.go:24.40,26.4 1 0
github.com/devantler-tech/ksail-go/internal/testutils/string.go:29.2,29.109 1 0
github.com/devantler-tech/ksail-go/pkg/io/generator/kustomization/generator.go:24.79,32.2 2 1
github.com/devantler-tech/ksail-go/pkg/io/generator/kustomization/generator.go:35.108,46.16 3 1
github.com/devantler-tech/ksail-go/pkg/io/generator/kustomization/generator.go:46.16,48.3 1 1
github.com/devantler-tech/ksail-go/pkg/io/generator/kustomization/generator.go:51.2,51.23 1 1
github.com/devantler-tech/ksail-go/pkg/io/generator/kustomization/generator.go:51.23,53.3 1 1
github.com/devantler-tech/ksail-go/pkg/io/generator/kustomization/generator.go:55.2,56.16 2 1
github.com/devantler-tech/ksail-go/pkg/io/generator/kustomization/generator.go:56.16,58.3 1 1
github.com/devantler-tech/ksail-go/pkg/io/generator/kustomization/generator.go:60.2,60.20 1 1
github.com/devantler-tech/ksail-go/pkg/io/generator/yaml/generator.go:26.50,33.2 2 1
github.com/devantler-tech/ksail-go/pkg/io/generator/yaml/generator.go:36.76,39.16 2 1
github.com/devantler-tech/ksail-go/pkg/io/generator/yaml/generator.go:39.16,41.3 1 1
github.com/devantler-tech/ksail-go/pkg/io/generator/yaml/generator.go:44.2,44.23 1 1
github.com/devantler-tech/ksail-go/pkg/io/generator/yaml/generator.go:44.23,46.17 2 1
github.com/devantler-tech/ksail-go/pkg/io/generator/yaml/generator.go:46.17,48.4 1 1
github.com/devantler-tech/ksail-go/pkg/io/generator/yaml/generator.go:50.3,50.21 1 1
github.com/devantler-tech/ksail-go/pkg/io/generator/yaml/generator.go:53.2,53.23 1 1
github.com/devantler-tech/ksail-go/pkg/io/marshaller/yaml/marshaller.go:15.54,17.2 1 1
github.com/devantler-tech/ksail-go/pkg/io/marshaller/yaml/marshaller.go:20.62,22.16 2 1
github.com/devantler-tech/ksail-go/pkg/io/marshaller/yaml/marshaller.go:22.16,24.3 1 1
github.com/devantler-tech/ksail-go/pkg/io/marshaller/yaml/marshaller.go:26.2,26.26 1 1
github.com/devantler-tech/ksail-go/pkg/io/marshaller/yaml/marshaller.go:30.68,32.16 2 1
github.com/devantler-tech/ksail-go/pkg/io/marshaller/yaml/marshaller.go:32.16,34.3 1 1
github.com/devantler-tech/ksail-go/pkg/io/marshaller/yaml/marshaller.go:36.2,36.12 1 1
github.com/devantler-tech/ksail-go/pkg/io/marshaller/yaml/marshaller.go:40.74,42.16 2 1
github.com/devantler-tech/ksail-go/pkg/io/marshaller/yaml/marshaller.go:42.16,44.3 1 1
github.com/devantler-tech/ksail-go/pkg/io/marshaller/yaml/marshaller.go:46.2,46.12 1 1
github.com/devantler-tech/ksail-go/pkg/io/generator/testutils/common_tests.go:24.3,41.11 7 0
github.com/devantler-tech/ksail-go/pkg/io/generator/testutils/common_tests.go:41.11,49.3 4 0
github.com/devantler-tech/ksail-go/pkg/io/generator/testutils/common_tests.go:49.8,52.3 1 0
github.com/devantler-tech/ksail-go/pkg/io/generator/testutils/common_tests.go:62.3,79.2 7 0
github.com/devantler-tech/ksail-go/pkg/io/generator/testutils/generator.go:19.3,35.2 6 0
github.com/devantler-tech/ksail-go/pkg/io/generator/testutils/marshal_failer.go:20.56,22.2 1 0
github.com/devantler-tech/ksail-go/pkg/provisioner/cluster/eks/provisioner.go:49.26,58.2 1 1
github.com/devantler-tech/ksail-go/pkg/provisioner/cluster/eks/provisioner.go:61.59,73.16 6 1
github.com/devantler-tech/ksail-go/pkg/provisioner/cluster/eks/provisioner.go:73.16,75.3 1 1
github.com/devantler-tech/ksail-go/pkg/provisioner/cluster/eks/provisioner.go:77.2,78.16 2 1
github.com/devantler-tech/ksail-go/pkg/provisioner/cluster/eks/provisioner.go:78.16,80.3 1 1
github.com/devantler-tech/ksail-go/pkg/provisioner/cluster/eks/provisioner.go:82.2,82.12 1 1
github.com/devantler-tech/ksail-go/pkg/provisioner/cluster/eks/provisioner.go:86.59,98.16 6 1
github.com/devantler-tech/ksail-go/pkg/provisioner/cluster/eks/provisioner.go:98.16,100.3 1 1
github.com/devantler-tech/ksail-go/pkg/provisioner/cluster/eks/provisioner.go:102.2,103.16 2 1
github.com/devantler-tech/ksail-go/pkg/provisioner/cluster/eks/provisioner.go:103.16,105.3 1 0
github.com/devantler-tech/ksail-go/pkg/provisioner/cluster/eks/provisioner.go:108.2,116.16 8 1
github.com/devantler-tech/ksail-go/pkg/provisioner/cluster/eks/provisioner.go:116.16,118.3 1 0
github.com/devantler-tech/ksail-go/pkg/provisioner/cluster/eks/provisioner.go:120.2,120.12 1 1
github.com/devantler-tech/ksail-go/pkg/provisioner/cluster/eks/provisioner.go:124.58,128.16 3 1
github.com/devantler-tech/ksail-go/pkg/provisioner/cluster/eks/provisioner.go:128.16,130.3 1 0
github.com/devantler-tech/ksail-go/pkg/provisioner/cluster/eks/provisioner.go:132.2,132.13 1 1
github.com/devantler-tech/ksail-go/pkg/provisioner/cluster/eks/provisioner.go:132.13,134.3 1 1
github.com/devantler-tech/ksail-go/pkg/provisioner/cluster/eks/provisioner.go:136.2,145.16 5 1
github.com/devantler-tech/ksail-go/pkg/provisioner/cluster/eks/provisioner.go:145.16,147.3 1 0
github.com/devantler-tech/ksail-go/pkg/provisioner/cluster/eks/provisioner.go:150.2,153.48 2 1
github.com/devantler-tech/ksail-go/pkg/provisioner/cluster/eks/provisioner.go:153.48,154.59 1 1
github.com/devantler-tech/ksail-go/pkg/provisioner/cluster/eks/provisioner.go:154.59,156.45 1 1
github.com/devantler-tech/ksail-go/pkg/provisioner/cluster/eks/provisioner.go:156.45,158.5 1 0
github.com/devantler-tech/ksail-go/pkg/provisioner/cluster/eks/provisioner.go:160.4,161.18 2 1
github.com/devantler-tech/ksail-go/pkg/provisioner/cluster/eks/provisioner.go:161.18,163.5 1 0
github.com/devantler-tech/ksail-go/pkg/provisioner/cluster/eks/provisioner.go:167.2,167.12 1 1
github.com/devantler-tech/ksail-go/pkg/provisioner/cluster/eks/provisioner.go:171.57,175.16 3 1
github.com/devantler-tech/ksail-go/pkg/provisioner/cluster/eks/provisioner.go:175.16,177.3 1 0
github.com/devantler-tech/ksail-go/pkg/provisioner/cluster/eks/provisioner.go:179.2,179.13 1 1
github.com/devantler-tech/ksail-go/pkg/provisioner/cluster/eks/provisioner.go:179.13,181.3 1 0
github.com/devantler-tech/ksail-go/pkg/provisioner/cluster/eks/provisioner.go:183.2,192.16 5 1
github.com/devantler-tech/ksail-go/pkg/provisioner/cluster/eks/provisioner.go:192.16,194.3 1 0
github.com/devantler-tech/ksail-go/pkg/provisioner/cluster/eks/provisioner.go:197.2,200.48 2 1
github.com/devantler-tech/ksail-go/pkg/provisioner/cluster/eks/provisioner.go:200.48,204.30 2 1
github.com/devantler-tech/ksail-go/pkg/provisioner/cluster/eks/provisioner.go:204.30,206.4 1 0
github.com/devantler-tech/ksail-go/pkg/provisioner/cluster/eks/provisioner.go:208.3,212.17 4 1
github.com/devantler-tech/ksail-go/pkg/provisioner/cluster/eks/provisioner.go:212.17,214.4 1 0
github.com/devantler-tech/ksail-go/pkg/provisioner/cluster/eks/provisioner.go:217.2,217.12 1 1
github.com/devantler-tech/ksail-go/pkg/provisioner/cluster/eks/provisioner.go:221.58,230.16 4 1
github.com/devantler-tech/ksail-go/pkg/provisioner/cluster/eks/provisioner.go:230.16,232.3 1 1
github.com/devantler-tech/ksail-go/pkg/provisioner/cluster/eks/provisioner.go:234.2,235.16 2 1
github.com/devantler-tech/ksail-go/pkg/provisioner/cluster/eks/provisioner.go:235.16,237.3 1 0
github.com/devantler-tech/ksail-go/pkg/provisioner/cluster/eks/provisioner.go:239.2,240.36 2 1
github.com/devantler-tech/ksail-go/pkg/provisioner/cluster/eks/provisioner.go:240.36,242.3 1 1
github.com/devantler-tech/ksail-go/pkg/provisioner/cluster/eks/provisioner.go:244.2,244.26 1 1
github.com/devantler-tech/ksail-go/pkg/provisioner/cluster/eks/provisioner.go:248.67,250.16 2 1
github.com/devantler-tech/ksail-go/pkg/provisioner/cluster/eks/provisioner.go:250.16,252.3 1 0
github.com/devantler-tech/ksail-go/pkg/provisioner/cluster/eks/provisioner.go:254.2,256.47 2 1
github.com/devantler-tech/ksail-go/pkg/provisioner/cluster/eks/provisioner.go:260.47,261.16 1 1
github.com/devantler-tech/ksail-go/pkg/provisioner/cluster/eks/provisioner.go:261.16,263.3 1 1
github.com/devantler-tech/ksail-go/pkg/provisioner/cluster/eks/provisioner.go:265.2,265.13 1 1
github.com/devantler-tech/ksail-go/pkg/provisioner/cluster/k3d/provisioner.go:26.26,32.2 1 1
github.com/devantler-tech/ksail-go/pkg/provisioner/cluster/k3d/provisioner.go:35.59,41.18 4 1
github.com/devantler-tech/ksail-go/pkg/provisioner/cluster/k3d/provisioner.go:41.18,43.3 1 1
github.com/devantler-tech/ksail-go/pkg/provisioner/cluster/k3d/provisioner.go:45.2,49.16 3 1
github.com/devantler-tech/ksail-go/pkg/provisioner/cluster/k3d/provisioner.go:49.16,51.3 1 1
github.com/devantler-tech/ksail-go/pkg/provisioner/cluster/k3d/provisioner.go:54.2,59.16 4 1
github.com/devantler-tech/ksail-go/pkg/provisioner/cluster/k3d/provisioner.go:59.16,61.3 1 1
github.com/devantler-tech/ksail-go/pkg/provisioner/cluster/k3d/provisioner.go:63.2,63.12 1 1
github.com/devantler-tech/ksail-go/pkg/provisioner/cluster/k3d/provisioner.go:67.59,72.18 4 1
github.com/devantler-tech/ksail-go/pkg/provisioner/cluster/k3d/provisioner.go:72.18,74.3 1 1
github.com/devantler-tech/ksail-go/pkg/provisioner/cluster/k3d/provisioner.go:76.2,83.16 5 1
github.com/devantler-tech/ksail-go/pkg/provisioner/cluster/k3d/provisioner.go:83.16,85.3 1 1
github.com/devantler-tech/ksail-go/pkg/provisioner/cluster/k3d/provisioner.go:87.2,87.12 1 1
github.com/devantler-tech/ksail-go/pkg/provisioner/cluster/k3d/provisioner.go:91.58,96.18 4 1
github.com/devantler-tech/ksail-go/pkg/provisioner/cluster/k3d/provisioner.go:96.18,98.3 1 1
github.com/devantler-tech/ksail-go/pkg/provisioner/cluster/k3d/provisioner.go:100.2,105.16 4 1
github.com/devantler-tech/ksail-go/pkg/provisioner/cluster/k3d/provisioner.go:105.16,107.3 1 1
github.com/devantler-tech/ksail-go/pkg/provisioner/cluster/k3d/provisioner.go:109.2,112.16 3 1
github.com/devantler-tech/ksail-go/pkg/provisioner/cluster/k3d/provisioner.go:112.16,114.3 1 1
github.com/devantler-tech/ksail-go/pkg/provisioner/cluster/k3d/provisioner.go:116.2,116.12 1 1
github.com/devantler-tech/ksail-go/pkg/provisioner/cluster/k3d/provisioner.go:120.57,125.18 4 1
github.com/devantler-tech/ksail-go/pkg/provisioner/cluster/k3d/provisioner.go:125.18,127.3 1 1
github.com/devantler-tech/ksail-go/pkg/provisioner/cluster/k3d/provisioner.go:129.2,134.16 4 1
github.com/devantler-tech/ksail-go/pkg/provisioner/cluster/k3d/provisioner.go:134.16,136.3 1 1
github.com/devantler-tech/ksail-go/pkg/provisioner/cluster/k3d/provisioner.go:138.2,139.16 2 1
github.com/devantler-tech/ksail-go/pkg/provisioner/cluster/k3d/provisioner.go:139.16,141.3 1 1
github.com/devantler-tech/ksail-go/pkg/provisioner/cluster/k3d/provisioner.go:143.2,143.12 1 1
github.com/devantler-tech/ksail-go/pkg/provisioner/cluster/k3d/provisioner.go:147.58,152.16 4 1
github.com/devantler-tech/ksail-go/pkg/provisioner/cluster/k3d/provisioner.go:152.16,154.3 1 1
github.com/devantler-tech/ksail-go/pkg/provisioner/cluster/k3d/provisioner.go:156.2,157.29 2 1
github.com/devantler-tech/ksail-go/pkg/provisioner/cluster/k3d/provisioner.go:157.29,159.3 1 1
github.com/devantler-tech/ksail-go/pkg/provisioner/cluster/k3d/provisioner.go:161.2,161.17 1 1
github.com/devantler-tech/ksail-go/pkg/provisioner/cluster/k3d/provisioner.go:165.67,167.16 2 1
github.com/devantler-tech/ksail-go/pkg/provisioner/cluster/k3d/provisioner.go:167.16,169.3 1 1
github.com/devantler-tech/ksail-go/pkg/provisioner/cluster/k3d/provisioner.go:171.2,172.18 2 1
github.com/devantler-tech/ksail-go/pkg/provisioner/cluster/k3d/provisioner.go:172.18,174.3 1 1
github.com/devantler-tech/ksail-go/pkg/provisioner/cluster/k3d/provisioner.go:176.2,176.47 1 1
github.com/devantler-tech/ksail-go/pkg/provisioner/cluster/kind/provisioner.go:46.27,53.2 1 1
github.com/devantler-tech/ksail-go/pkg/provisioner/cluster/kind/provisioner.go:56.60,65.16 3 1
github.com/devantler-tech/ksail-go/pkg/provisioner/cluster/kind/provisioner.go:65.16,67.3 1 1
github.com/devantler-tech/ksail-go/pkg/provisioner/cluster/kind/provisioner.go:69.2,69.12 1 1
github.com/devantler-tech/ksail-go/pkg/provisioner/cluster/kind/provisioner.go:73.60,79.16 4 1
github.com/devantler-tech/ksail-go/pkg/provisioner/cluster/kind/provisioner.go:79.16,81.3 1 1
github.com/devantler-tech/ksail-go/pkg/provisioner/cluster/kind/provisioner.go:83.2,83.12 1 1
github.com/devantler-tech/ksail-go/pkg/provisioner/cluster/kind/provisioner.go:87.59,93.16 4 1
github.com/devantler-tech/ksail-go/pkg/provisioner/cluster/kind/provisioner.go:93.16,95.3 1 1
github.com/devantler-tech/ksail-go/pkg/provisioner/cluster/kind/provisioner.go:97.2,97.21 1 1
github.com/devantler-tech/ksail-go/pkg/provisioner/cluster/kind/provisioner.go:97.21,99.3 1 1
github.com/devantler-tech/ksail-go/pkg/provisioner/cluster/kind/provisioner.go:101.2,104.29 3 1
github.com/devantler-tech/ksail-go/pkg/provisioner/cluster/kind/provisioner.go:104.29,110.17 2 1
github.com/devantler-tech/ksail-go/pkg/provisioner/cluster/kind/provisioner.go:110.17,112.4 1 1
github.com/devantler-tech/ksail-go/pkg/provisioner/cluster/kind/provisioner.go:115.2,115.12 1 1
github.com/devantler-tech/ksail-go/pkg/provisioner/cluster/kind/provisioner.go:119.58,125.16 4 1
github.com/devantler-tech/ksail-go/pkg/provisioner/cluster/kind/provisioner.go:125.16,127.3 1 1
github.com/devantler-tech/ksail-go/pkg/provisioner/cluster/kind/provisioner.go:129.2,129.21 1 1
github.com/devantler-tech/ksail-go/pkg/provisioner/cluster/kind/provisioner.go:129.21,131.3 1 1
github.com/devantler-tech/ksail-go/pkg/provisioner/cluster/kind/provisioner.go:133.2,136.29 3 1
github.com/devantler-tech/ksail-go/pkg/provisioner/cluster/kind/provisioner.go:136.29,143.17 2 1
github.com/devantler-tech/ksail-go/pkg/provisioner/cluster/kind/provisioner.go:143.17,145.4 1 1
github.com/devantler-tech/ksail-go/pkg/provisioner/cluster/kind/provisioner.go:148.2,148.12 1 1
github.com/devantler-tech/ksail-go/pkg/provisioner/cluster/kind/provisioner.go:152.59,154.16 2 1
github.com/devantler-tech/ksail-go/pkg/provisioner/cluster/kind/provisioner.go:154.16,156.3 1 1
github.com/devantler-tech/ksail-go/pkg/provisioner/cluster/kind/provisioner.go:158.2,158.22 1 1
github.com/devantler-tech/ksail-go/pkg/provisioner/cluster/kind/provisioner.go:162.68,164.16 2 1
github.com/devantler-tech/ksail-go/pkg/provisioner/cluster/kind/provisioner.go:164.16,166.3 1 1
github.com/devantler-tech/ksail-go/pkg/provisioner/cluster/kind/provisioner.go:168.2,170.39 2 1
github.com/devantler-tech/ksail-go/pkg/provisioner/cluster/kind/provisioner.go:170.39,172.3 1 1
github.com/devantler-tech/ksail-go/pkg/provisioner/cluster/kind/provisioner.go:174.2,174.19 1 1
github.com/devantler-tech/ksail-go/pkg/provisioner/cluster/kind/provisioner.go:179.57,181.18 2 1
github.com/devantler-tech/ksail-go/pkg/provisioner/cluster/kind/provisioner.go:181.18,183.3 1 1
github.com/devantler-tech/ksail-go/pkg/provisioner/cluster/kind/provisioner.go:185.2,185.15 1 1
github.com/devantler-tech/ksail-go/pkg/provisioner/mocks.go:35.19,39.19 3 0
github.com/devantler-tech/ksail-go/pkg/provisioner/mocks.go:39.19,39.49 1 0
github.com/devantler-tech/ksail-go/pkg/provisioner/mocks.go:41.2,41.13 1 0
github.com/devantler-tech/ksail-go/pkg/provisioner/mocks.go:53.59,55.2 1 0
github.com/devantler-tech/ksail-go/pkg/provisioner/mocks.go:58.129,61.19 2 0
github.com/devantler-tech/ksail-go/pkg/provisioner/mocks.go:61.19,62.57 1 0
github.com/devantler-tech/ksail-go/pkg/provisioner/mocks.go:65.2,67.120 3 0
github.com/devantler-tech/ksail-go/pkg/provisioner/mocks.go:67.120,69.3 1 0
github.com/devantler-tech/ksail-go/pkg/provisioner/mocks.go:70.2,70.111 1 0
github.com/devantler-tech/ksail-go/pkg/provisioner/mocks.go:70.111,72.3 1 0
github.com/devantler-tech/ksail-go/pkg/provisioner/mocks.go:72.8,73.24 1 0
github.com/devantler-tech/ksail-go/pkg/provisioner/mocks.go:73.24,75.4 1 0
github.com/devantler-tech/ksail-go/pkg/provisioner/mocks.go:77.2,77.93 1 0
github.com/devantler-tech/ksail-go/pkg/provisioner/mocks.go:77.93,79.3 1 0
github.com/devantler-tech/ksail-go/pkg/provisioner/mocks.go:79.8,81.3 1 0
github.com/devantler-tech/ksail-go/pkg/provisioner/mocks.go:82.2,82.15 1 0
github.com/devantler-tech/ksail-go/pkg/provisioner/mocks.go:93.122,95.2 1 0
github.com/devantler-tech/ksail-go/pkg/provisioner/mocks.go:97.148,98.40 1 0
github.com/devantler-tech/ksail-go/pkg/provisioner/mocks.go:98.40,100.21 2 0
github.com/devantler-tech/ksail-go/pkg/provisioner/mocks.go:100.21,102.4 1 0
github.com/devantler-tech/ksail-go/pkg/provisioner/mocks.go:103.3,104.21 2 0
github.com/devantler-tech/ksail-go/pkg/provisioner/mocks.go:104.21,106.4 1 0
github.com/devantler-tech/ksail-go/pkg/provisioner/mocks.go:107.3,110.4 1 0
github.com/devantler-tech/ksail-go/pkg/provisioner/mocks.go:112.2,112.11 1 0
github.com/devantler-tech/ksail-go/pkg/provisioner/mocks.go:115.143,118.2 2 0
github.com/devantler-tech/ksail-go/pkg/provisioner/mocks.go:120.190,123.2 2 0
github.com/devantler-tech/ksail-go/pkg/provisioner/mocks.go:126.79,129.19 2 0
github.com/devantler-tech/ksail-go/pkg/provisioner/mocks.go:129.19,130.53 1 0
github.com/devantler-tech/ksail-go/pkg/provisioner/mocks.go:133.2,134.76 2 0
github.com/devantler-tech/ksail-go/pkg/provisioner/mocks.go:134.76,136.3 1 0
github.com/devantler-tech/ksail-go/pkg/provisioner/mocks.go:136.8,138.3 1 0
github.com/devantler-tech/ksail-go/pkg/provisioner/mocks.go:139.2,139.11 1 0
github.com/devantler-tech/ksail-go/pkg/provisioner/mocks.go:150.112,152.2 1 0
github.com/devantler-tech/ksail-go/pkg/provisioner/mocks.go:154.121,155.40 1 0
github.com/devantler-tech/ksail-go/pkg/provisioner/mocks.go:155.40,157.21 2 0
github.com/devantler-tech/ksail-go/pkg/provisioner/mocks.go:157.21,159.4 1 0
github.com/devantler-tech/ksail-go/pkg/provisioner/mocks.go:160.3,161.21 2 0
github.com/devantler-tech/ksail-go/pkg/provisioner/mocks.go:161.21,163.4 1 0
github.com/devantler-tech/ksail-go/pkg/provisioner/mocks.go:164.3,167.4 1 0
github.com/devantler-tech/ksail-go/pkg/provisioner/mocks.go:169.2,169.11 1 0
github.com/devantler-tech/ksail-go/pkg/provisioner/mocks.go:172.93,175.2 2 0
github.com/devantler-tech/ksail-go/pkg/provisioner/mocks.go:177.136,180.2 2 0
github.com/devantler-tech/ksail-go/pkg/provisioner/mocks.go:183.125,186.19 2 0
github.com/devantler-tech/ksail-go/pkg/provisioner/mocks.go:186.19,187.58 1 0
github.com/devantler-tech/ksail-go/pkg/provisioner/mocks.go:190.2,191.102 2 0
github.com/devantler-tech/ksail-go/pkg/provisioner/mocks.go:191.102,193.3 1 0
github.com/devantler-tech/ksail-go/pkg/provisioner/mocks.go:193.8,195.3 1 0
github.com/devantler-tech/ksail-go/pkg/provisioner/mocks.go:196.2,196.11 1 0
github.com/devantler-tech/ksail-go/pkg/provisioner/mocks.go:208.150,210.2 1 0
github.com/devantler-tech/ksail-go/pkg/provisioner/mocks.go:212.172,213.40 1 0
github.com/devantler-tech/ksail-go/pkg/provisioner/mocks.go:213.40,215.21 2 0
github.com/devantler-tech/ksail-go/pkg/provisioner/mocks.go:215.21,217.4 1 0
github.com/devantler-tech/ksail-go/pkg/provisioner/mocks.go:218.3,219.21 2 0
github.com/devantler-tech/ksail-go/pkg/provisioner/mocks.go:219.21,221.4 1 0
github.com/devantler-tech/ksail-go/pkg/provisioner/mocks.go:222.3,223.21 2 0
github.com/devantler-tech/ksail-go/pkg/provisioner/mocks.go:223.21,225.4 1 0
github.com/devantler-tech/ksail-go/pkg/provisioner/mocks.go:226.3,230.4 1 0
github.com/devantler-tech/ksail-go/pkg/provisioner/mocks.go:232.2,232.11 1 0
github.com/devantler-tech/ksail-go/pkg/provisioner/mocks.go:235.103,238.2 2 0
github.com/devantler-tech/ksail-go/pkg/provisioner/mocks.go:240.187,243.2 2 0
github.com/devantler-tech/ksail-go/pkg/provisioner/mocks.go:246.125,249.19 2 0
github.com/devantler-tech/ksail-go/pkg/provisioner/mocks.go:249.19,250.58 1 0
github.com/devantler-tech/ksail-go/pkg/provisioner/mocks.go:253.2,254.102 2 0
github.com/devantler-tech/ksail-go/pkg/provisioner/mocks.go:254.102,256.3 1 0
github.com/devantler-tech/ksail-go/pkg/provisioner/mocks.go:256.8,258.3 1 0
github.com/devantler-tech/ksail-go/pkg/provisioner/mocks.go:259.2,259.11 1 0
github.com/devantler-tech/ksail-go/pkg/provisioner/mocks.go:271.150,273.2 1 0
github.com/devantler-tech/ksail-go/pkg/provisioner/mocks.go:275.172,276.40 1 0
github.com/devantler-tech/ksail-go/pkg/provisioner/mocks.go:276.40,278.21 2 0
github.com/devantler-tech/ksail-go/pkg/provisioner/mocks.go:278.21,280.4 1 0
github.com/devantler-tech/ksail-go/pkg/provisioner/mocks.go:281.3,282.21 2 0
github.com/devantler-tech/ksail-go/pkg/provisioner/mocks.go:282.21,284.4 1 0
github.com/devantler-tech/ksail-go/pkg/provisioner/mocks.go:285.3,286.21 2 0
github.com/devantler-tech/ksail-go/pkg/provisioner/mocks.go:286.21,288.4 1 0
github.com/devantler-tech/ksail-go/pkg/provisioner/mocks.go:289.3,293.4 1 0
github.com/devantler-tech/ksail-go/pkg/provisioner/mocks.go:295.2,295.11 1 0
github.com/devantler-tech/ksail-go/pkg/provisioner/mocks.go:298.103,301.2 2 0
github.com/devantler-tech/ksail-go/pkg/provisioner/mocks.go:303.187,306.2 2 0
github.com/devantler-tech/ksail-go/pkg/provisioner/mocks.go:309.145,312.19 2 0
github.com/devantler-tech/ksail-go/pkg/provisioner/mocks.go:312.19,313.56 1 0
github.com/devantler-tech/ksail-go/pkg/provisioner/mocks.go:316.2,318.124 3 0
github.com/devantler-tech/ksail-go/pkg/provisioner/mocks.go:318.124,320.3 1 0
github.com/devantler-tech/ksail-go/pkg/provisioner/mocks.go:321.2,321.115 1 0
github.com/devantler-tech/ksail-go/pkg/provisioner/mocks.go:321.115,323.3 1 0
github.com/devantler-tech/ksail-go/pkg/provisioner/mocks.go:323.8,324.24 1 0
github.com/devantler-tech/ksail-go/pkg/provisioner/mocks.go:324.24,326.4 1 0
github.com/devantler-tech/ksail-go/pkg/provisioner/mocks.go:328.2,328.100 1 0
github.com/devantler-tech/ksail-go/pkg/provisioner/mocks.go:328.100,330.3 1 0
github.com/devantler-tech/ksail-go/pkg/provisioner/mocks.go:330.8,332.3 1 0
github.com/devantler-tech/ksail-go/pkg/provisioner/mocks.go:333.2,333.15 1 0
github.com/devantler-tech/ksail-go/pkg/provisioner/mocks.go:345.146,347.2 1 0
github.com/devantler-tech/ksail-go/pkg/provisioner/mocks.go:349.166,350.40 1 0
github.com/devantler-tech/ksail-go/pkg/provisioner/mocks.go:350.40,352.21 2 0
github.com/devantler-tech/ksail-go/pkg/provisioner/mocks.go:352.21,354.4 1 0
github.com/devantler-tech/ksail-go/pkg/provisioner/mocks.go:355.3,356.21 2 0
github.com/devantler-tech/ksail-go/pkg/provisioner/mocks.go:356.21,358.4 1 0
github.com/devantler-tech/ksail-go/pkg/provisioner/mocks.go:359.3,360.21 2 0
github.com/devantler-tech/ksail-go/pkg/provisioner/mocks.go:360.21,362.4 1 0
github.com/devantler-tech/ksail-go/pkg/provisioner/mocks.go:363.3,367.4 1 0
github.com/devantler-tech/ksail-go/pkg/provisioner/mocks.go:369.2,369.11 1 0
github.com/devantler-tech/ksail-go/pkg/provisioner/mocks.go:372.130,375.2 2 0
github.com/devantler-tech/ksail-go/pkg/provisioner/mocks.go:377.205,380.2 2 0
github.com/devantler-tech/ksail-go/pkg/provisioner/mocks.go:383.52,386.19 2 0
github.com/devantler-tech/ksail-go/pkg/provisioner/mocks.go:386.19,387.55 1 0
github.com/devantler-tech/ksail-go/pkg/provisioner/mocks.go:390.2,391.54 2 0
github.com/devantler-tech/ksail-go/pkg/provisioner/mocks.go:391.54,393.3 1 0
github.com/devantler-tech/ksail-go/pkg/provisioner/mocks.go:393.8,395.3 1 0
github.com/devantler-tech/ksail-go/pkg/provisioner/mocks.go:396.2,396.11 1 0
github.com/devantler-tech/ksail-go/pkg/provisioner/mocks.go:405.85,407.2 1 0
github.com/devantler-tech/ksail-go/pkg/provisioner/mocks.go:409.95,410.40 1 0
github.com/devantler-tech/ksail-go/pkg/provisioner/mocks.go:410.40,412.3 1 0
github.com/devantler-tech/ksail-go/pkg/provisioner/mocks.go:413.2,413.11 1 0
github.com/devantler-tech/ksail-go/pkg/provisioner/mocks.go:416.96,419.2 2 0
github.com/devantler-tech/ksail-go/pkg/provisioner/mocks.go:421.111,424.2 2 0
github.com/devantler-tech/ksail-go/pkg/provisioner/mocks.go:427.43,430.19 2 0
github.com/devantler-tech/ksail-go/pkg/provisioner/mocks.go:430.19,431.47 1 0
github.com/devantler-tech/ksail-go/pkg/provisioner/mocks.go:434.2,435.53 2 0
github.com/devantler-tech/ksail-go/pkg/provisioner/mocks.go:435.53,437.3 1 0
github.com/devantler-tech/ksail-go/pkg/provisioner/mocks.go:437.8,439.3 1 0
github.com/devantler-tech/ksail-go/pkg/provisioner/mocks.go:440.2,440.11 1 0
github.com/devantler-tech/ksail-go/pkg/provisioner/mocks.go:449.69,451.2 1 0
github.com/devantler-tech/ksail-go/pkg/provisioner/mocks.go:453.79,454.40 1 0
github.com/devantler-tech/ksail-go/pkg/provisioner/mocks.go:454.40,456.3 1 0
github.com/devantler-tech/ksail-go/pkg/provisioner/mocks.go:457.2,457.11 1 0
github.com/devantler-tech/ksail-go/pkg/provisioner/mocks.go:460.81,463.2 2 0
github.com/devantler-tech/ksail-go/pkg/provisioner/mocks.go:465.94,468.2 2 0
github.com/devantler-tech/ksail-go/pkg/provisioner/mocks.go:471.124,474.19 2 0
github.com/devantler-tech/ksail-go/pkg/provisioner/mocks.go:474.19,475.54 1 0
github.com/devantler-tech/ksail-go/pkg/provisioner/mocks.go:478.2,480.116 3 0
github.com/devantler-tech/ksail-go/pkg/provisioner/mocks.go:480.116,482.3 1 0
github.com/devantler-tech/ksail-go/pkg/provisioner/mocks.go:483.2,483.107 1 0
github.com/devantler-tech/ksail-go/pkg/provisioner/mocks.go:483.107,485.3 1 0
github.com/devantler-tech/ksail-go/pkg/provisioner/mocks.go:485.8,487.3 1 0
github.com/devantler-tech/ksail-go/pkg/provisioner/mocks.go:488.2,488.86 1 0
github.com/devantler-tech/ksail-go/pkg/provisioner/mocks.go:488.86,490.3 1 0
github.com/devantler-tech/ksail-go/pkg/provisioner/mocks.go:490.8,492.3 1 0
github.com/devantler-tech/ksail-go/pkg/provisioner/mocks.go:493.2,493.15 1 0
github.com/devantler-tech/ksail-go/pkg/provisioner/mocks.go:504.118,506.2 1 0
github.com/devantler-tech/ksail-go/pkg/provisioner/mocks.go:508.137,509.40 1 0
github.com/devantler-tech/ksail-go/pkg/provisioner/mocks.go:509.40,511.21 2 0
github.com/devantler-tech/ksail-go/pkg/provisioner/mocks.go:511.21,513.4 1 0
github.com/devantler-tech/ksail-go/pkg/provisioner/mocks.go:514.3,515.21 2 0
github.com/devantler-tech/ksail-go/pkg/provisioner/mocks.go:515.21,517.4 1 0
github.com/devantler-tech/ksail-go/pkg/provisioner/mocks.go:518.3,521.4 1 0
github.com/devantler-tech/ksail-go/pkg/provisioner/mocks.go:523.2,523.11 1 0
github.com/devantler-tech/ksail-go/pkg/provisioner/mocks.go:526.144,529.2 2 0
github.com/devantler-tech/ksail-go/pkg/provisioner/mocks.go:531.182,534.2 2 0
github.com/devantler-tech/ksail-go/pkg/provisioner/mocks.go:537.114,540.19 2 0
github.com/devantler-tech/ksail-go/pkg/provisioner/mocks.go:540.19,541.62 1 0
github.com/devantler-tech/ksail-go/pkg/provisioner/mocks.go:544.2,547.100 4 0
github.com/devantler-tech/ksail-go/pkg/provisioner/mocks.go:547.100,549.3 1 0
github.com/devantler-tech/ksail-go/pkg/provisioner/mocks.go:550.2,550.83 1 0
github.com/devantler-tech/ksail-go/pkg/provisioner/mocks.go:550.83,552.3 1 0
github.com/devantler-tech/ksail-go/pkg/provisioner/mocks.go:552.8,554.3 1 0
github.com/devantler-tech/ksail-go/pkg/provisioner/mocks.go:555.2,555.77 1 0
github.com/devantler-tech/ksail-go/pkg/provisioner/mocks.go:555.77,557.3 1 0
github.com/devantler-tech/ksail-go/pkg/provisioner/mocks.go:557.8,558.24 1 0
github.com/devantler-tech/ksail-go/pkg/provisioner/mocks.go:558.24,560.4 1 0
github.com/devantler-tech/ksail-go/pkg/provisioner/mocks.go:562.2,562.76 1 0
github.com/devantler-tech/ksail-go/pkg/provisioner/mocks.go:562.76,564.3 1 0
github.com/devantler-tech/ksail-go/pkg/provisioner/mocks.go:564.8,566.3 1 0
github.com/devantler-tech/ksail-go/pkg/provisioner/mocks.go:567.2,567.19 1 0
github.com/devantler-tech/ksail-go/pkg/provisioner/mocks.go:578.132,580.2 1 0
github.com/devantler-tech/ksail-go/pkg/provisioner/mocks.go:582.141,583.40 1 0
github.com/devantler-tech/ksail-go/pkg/provisioner/mocks.go:583.40,585.21 2 0
github.com/devantler-tech/ksail-go/pkg/provisioner/mocks.go:585.21,587.4 1 0
github.com/devantler-tech/ksail-go/pkg/provisioner/mocks.go:588.3,589.21 2 0
github.com/devantler-tech/ksail-go/pkg/provisioner/mocks.go:589.21,591.4 1 0
github.com/devantler-tech/ksail-go/pkg/provisioner/mocks.go:592.3,595.4 1 0
github.com/devantler-tech/ksail-go/pkg/provisioner/mocks.go:597.2,597.11 1 0
github.com/devantler-tech/ksail-go/pkg/provisioner/mocks.go:600.146,603.2 2 0
github.com/devantler-tech/ksail-go/pkg/provisioner/mocks.go:605.180,608.2 2 0
github.com/devantler-tech/ksail-go/pkg/provisioner/mocks.go:611.118,614.19 2 0
github.com/devantler-tech/ksail-go/pkg/provisioner/mocks.go:614.19,615.52 1 0
github.com/devantler-tech/ksail-go/pkg/provisioner/mocks.go:618.2,620.111 3 0
github.com/devantler-tech/ksail-go/pkg/provisioner/mocks.go:620.111,622.3 1 0
github.com/devantler-tech/ksail-go/pkg/provisioner/mocks.go:623.2,623.102 1 0
github.com/devantler-tech/ksail-go/pkg/provisioner/mocks.go:623.102,625.3 1 0
github.com/devantler-tech/ksail-go/pkg/provisioner/mocks.go:625.8,626.24 1 0
github.com/devantler-tech/ksail-go/pkg/provisioner/mocks.go:626.24,628.4 1 0
github.com/devantler-tech/ksail-go/pkg/provisioner/mocks.go:630.2,630.93 1 0
github.com/devantler-tech/ksail-go/pkg/provisioner/mocks.go:630.93,632.3 1 0
github.com/devantler-tech/ksail-go/pkg/provisioner/mocks.go:632.8,634.3 1 0
github.com/devantler-tech/ksail-go/pkg/provisioner/mocks.go:635.2,635.15 1 0
github.com/devantler-tech/ksail-go/pkg/provisioner/mocks.go:646.115,648.2 1 0
github.com/devantler-tech/ksail-go/pkg/provisioner/mocks.go:650.141,651.40 1 0
github.com/devantler-tech/ksail-go/pkg/provisioner/mocks.go:651.40,653.21 2 0
github.com/devantler-tech/ksail-go/pkg/provisioner/mocks.go:653.21,655.4 1 0
github.com/devantler-tech/ksail-go/pkg/provisioner/mocks.go:656.3,657.21 2 0
github.com/devantler-tech/ksail-go/pkg/provisioner/mocks.go:657.21,659.4 1 0
github.com/devantler-tech/ksail-go/pkg/provisioner/mocks.go:660.3,663.4 1 0
github.com/devantler-tech/ksail-go/pkg/provisioner/mocks.go:665.2,665.11 1 0
github.com/devantler-tech/ksail-go/pkg/provisioner/mocks.go:668.115,671.2 2 0
github.com/devantler-tech/ksail-go/pkg/provisioner/mocks.go:673.174,676.2 2 0
github.com/devantler-tech/ksail-go/pkg/provisioner/mocks.go:679.80,682.19 2 0
github.com/devantler-tech/ksail-go/pkg/provisioner/mocks.go:682.19,683.54 1 0
github.com/devantler-tech/ksail-go/pkg/provisioner/mocks.go:686.2,687.76 2 0
github.com/devantler-tech/ksail-go/pkg/provisioner/mocks.go:687.76,689.3 1 0
github.com/devantler-tech/ksail-go/pkg/provisioner/mocks.go:689.8,691.3 1 0
github.com/devantler-tech/ksail-go/pkg/provisioner/mocks.go:692.2,692.11 1 0
github.com/devantler-tech/ksail-go/pkg/provisioner/mocks.go:703.114,705.2 1 0
github.com/devantler-tech/ksail-go/pkg/provisioner/mocks.go:707.123,708.40 1 0
github.com/devantler-tech/ksail-go/pkg/provisioner/mocks.go:708.40,710.21 2 0
github.com/devantler-tech/ksail-go/pkg/provisioner/mocks.go:710.21,712.4 1 0
github.com/devantler-tech/ksail-go/pkg/provisioner/mocks.go:713.3,714.21 2 0
github.com/devantler-tech/ksail-go/pkg/provisioner/mocks.go:714.21,716.4 1 0
github.com/devantler-tech/ksail-go/pkg/provisioner/mocks.go:717.3,720.4 1 0
github.com/devantler-tech/ksail-go/pkg/provisioner/mocks.go:722.2,722.11 1 0
github.com/devantler-tech/ksail-go/pkg/provisioner/mocks.go:725.95,728.2 2 0
github.com/devantler-tech/ksail-go/pkg/provisioner/mocks.go:730.138,733.2 2 0
github.com/devantler-tech/ksail-go/pkg/provisioner/mocks.go:736.128,739.19 2 0
github.com/devantler-tech/ksail-go/pkg/provisioner/mocks.go:739.19,740.54 1 0
github.com/devantler-tech/ksail-go/pkg/provisioner/mocks.go:743.2,744.109 2 0
github.com/devantler-tech/ksail-go/pkg/provisioner/mocks.go:744.109,746.3 1 0
github.com/devantler-tech/ksail-go/pkg/provisioner/mocks.go:746.8,748.3 1 0
github.com/devantler-tech/ksail-go/pkg/provisioner/mocks.go:749.2,749.11 1 0
github.com/devantler-tech/ksail-go/pkg/provisioner/mocks.go:762.155,764.2 1 0
github.com/devantler-tech/ksail-go/pkg/provisioner/mocks.go:766.171,767.40 1 0
github.com/devantler-tech/ksail-go/pkg/provisioner/mocks.go:767.40,769.21 2 0
github.com/devantler-tech/ksail-go/pkg/provisioner/mocks.go:769.21,771.4 1 0
github.com/devantler-tech/ksail-go/pkg/provisioner/mocks.go:772.3,773.21 2 0
github.com/devantler-tech/ksail-go/pkg/provisioner/mocks.go:773.21,775.4 1 0
github.com/devantler-tech/ksail-go/pkg/provisioner/mocks.go:776.3,777.21 2 0
github.com/devantler-tech/ksail-go/pkg/provisioner/mocks.go:777.21,779.4 1 0
github.com/devantler-tech/ksail-go/pkg/provisioner/mocks.go:780.3,781.21 2 0
github.com/devantler-tech/ksail-go/pkg/provisioner/mocks.go:781.21,783.4 1 0
github.com/devantler-tech/ksail-go/pkg/provisioner/mocks.go:784.3,789.4 1 0
github.com/devantler-tech/ksail-go/pkg/provisioner/mocks.go:791.2,791.11 1 0
github.com/devantler-tech/ksail-go/pkg/provisioner/mocks.go:794.95,797.2 2 0
github.com/devantler-tech/ksail-go/pkg/provisioner/mocks.go:799.186,802.2 2 0
github.com/devantler-tech/ksail-go/pkg/provisioner/mocks.go:805.150,808.19 2 0
github.com/devantler-tech/ksail-go/pkg/provisioner/mocks.go:808.19,809.57 1 0
github.com/devantler-tech/ksail-go/pkg/provisioner/mocks.go:812.2,814.127 3 0
github.com/devantler-tech/ksail-go/pkg/provisioner/mocks.go:814.127,816.3 1 0
github.com/devantler-tech/ksail-go/pkg/provisioner/mocks.go:817.2,817.118 1 0
github.com/devantler-tech/ksail-go/pkg/provisioner/mocks.go:817.118,819.3 1 0
github.com/devantler-tech/ksail-go/pkg/provisioner/mocks.go:819.8,821.3 1 0
github.com/devantler-tech/ksail-go/pkg/provisioner/mocks.go:822.2,822.101 1 0
github.com/devantler-tech/ksail-go/pkg/provisioner/mocks.go:822.101,824.3 1 0
github.com/devantler-tech/ksail-go/pkg/provisioner/mocks.go:824.8,826.3 1 0
github.com/devantler-tech/ksail-go/pkg/provisioner/mocks.go:827.2,827.15 1 0
github.com/devantler-tech/ksail-go/pkg/provisioner/mocks.go:839.149,841.2 1 0
github.com/devantler-tech/ksail-go/pkg/provisioner/mocks.go:843.170,844.40 1 0
github.com/devantler-tech/ksail-go/pkg/provisioner/mocks.go:844.40,846.21 2 0
github.com/devantler-tech/ksail-go/pkg/provisioner/mocks.go:846.21,848.4 1 0
github.com/devantler-tech/ksail-go/pkg/provisioner/mocks.go:849.3,850.21 2 0
github.com/devantler-tech/ksail-go/pkg/provisioner/mocks.go:850.21,852.4 1 0
github.com/devantler-tech/ksail-go/pkg/provisioner/mocks.go:853.3,854.21 2 0
github.com/devantler-tech/ksail-go/pkg/provisioner/mocks.go:854.21,856.4 1 0
github.com/devantler-tech/ksail-go/pkg/provisioner/mocks.go:857.3,861.4 1 0
github.com/devantler-tech/ksail-go/pkg/provisioner/mocks.go:863.2,863.11 1 0
github.com/devantler-tech/ksail-go/pkg/provisioner/mocks.go:866.142,869.2 2 0
github.com/devantler-tech/ksail-go/pkg/provisioner/mocks.go:871.211,874.2 2 0
github.com/devantler-tech/ksail-go/pkg/provisioner/mocks.go:877.152,880.19 2 0
github.com/devantler-tech/ksail-go/pkg/provisioner/mocks.go:880.19,881.57 1 0
github.com/devantler-tech/ksail-go/pkg/provisioner/mocks.go:884.2,886.129 3 0
github.com/devantler-tech/ksail-go/pkg/provisioner/mocks.go:886.129,888.3 1 0
github.com/devantler-tech/ksail-go/pkg/provisioner/mocks.go:889.2,889.120 1 0
github.com/devantler-tech/ksail-go/pkg/provisioner/mocks.go:889.120,891.3 1 0
github.com/devantler-tech/ksail-go/pkg/provisioner/mocks.go:891.8,893.3 1 0
github.com/devantler-tech/ksail-go/pkg/provisioner/mocks.go:894.2,894.101 1 0
github.com/devantler-tech/ksail-go/pkg/provisioner/mocks.go:894.101,896.3 1 0
github.com/devantler-tech/ksail-go/pkg/provisioner/mocks.go:896.8,898.3 1 0
github.com/devantler-tech/ksail-go/pkg/provisioner/mocks.go:899.2,899.15 1 0
github.com/devantler-tech/ksail-go/pkg/provisioner/mocks.go:911.149,913.2 1 0
github.com/devantler-tech/ksail-go/pkg/provisioner/mocks.go:915.170,916.40 1 0
github.com/devantler-tech/ksail-go/pkg/provisioner/mocks.go:916.40,918.21 2 0
github.com/devantler-tech/ksail-go/pkg/provisioner/mocks.go:918.21,920.4 1 0
github.com/devantler-tech/ksail-go/pkg/provisioner/mocks.go:921.3,922.21 2 0
github.com/devantler-tech/ksail-go/pkg/provisioner/mocks.go:922.21,924.4 1 0
github.com/devantler-tech/ksail-go/pkg/provisioner/mocks.go:925.3,926.21 2 0
github.com/devantler-tech/ksail-go/pkg/provisioner/mocks.go:926.21,928.4 1 0
github.com/devantler-tech/ksail-go/pkg/provisioner/mocks.go:929.3,933.4 1 0
github.com/devantler-tech/ksail-go/pkg/provisioner/mocks.go:935.2,935.11 1 0
github.com/devantler-tech/ksail-go/pkg/provisioner/mocks.go:938.129,941.2 2 0
github.com/devantler-tech/ksail-go/pkg/provisioner/mocks.go:943.213,946.2 2 0
github.com/devantler-tech/ksail-go/pkg/provisioner/mocks.go:949.249,952.19 2 0
github.com/devantler-tech/ksail-go/pkg/provisioner/mocks.go:952.19,953.57 1 0
github.com/devantler-tech/ksail-go/pkg/provisioner/mocks.go:956.2,958.187 3 0
github.com/devantler-tech/ksail-go/pkg/provisioner/mocks.go:958.187,960.3 1 0
github.com/devantler-tech/ksail-go/pkg/provisioner/mocks.go:961.2,961.178 1 0
github.com/devantler-tech/ksail-go/pkg/provisioner/mocks.go:961.178,963.3 1 0
github.com/devantler-tech/ksail-go/pkg/provisioner/mocks.go:963.8,965.3 1 0
github.com/devantler-tech/ksail-go/pkg/provisioner/mocks.go:966.2,966.159 1 0
github.com/devantler-tech/ksail-go/pkg/provisioner/mocks.go:966.159,968.3 1 0
github.com/devantler-tech/ksail-go/pkg/provisioner/mocks.go:968.8,970.3 1 0
github.com/devantler-tech/ksail-go/pkg/provisioner/mocks.go:971.2,971.15 1 0
github.com/devantler-tech/ksail-go/pkg/provisioner/mocks.go:986.227,988.2 1 0
github.com/devantler-tech/ksail-go/pkg/provisioner/mocks.go:990.267,991.40 1 0
github.com/devantler-tech/ksail-go/pkg/provisioner/mocks.go:991.40,993.21 2 0
github.com/devantler-tech/ksail-go/pkg/provisioner/mocks.go:993.21,995.4 1 0
github.com/devantler-tech/ksail-go/pkg/provisioner/mocks.go:996.3,997.21 2 0
github.com/devantler-tech/ksail-go/pkg/provisioner/mocks.go:997.21,999.4 1 0
github.com/devantler-tech/ksail-go/pkg/provisioner/mocks.go:1000.3,1001.21 2 0
github.com/devantler-tech/ksail-go/pkg/provisioner/mocks.go:1001.21,1003.4 1 0
github.com/devantler-tech/ksail-go/pkg/provisioner/mocks.go:1004.3,1005.21 2 0
github.com/devantler-tech/ksail-go/pkg/provisioner/mocks.go:1005.21,1007.4 1 0
github.com/devantler-tech/ksail-go/pkg/provisioner/mocks.go:1008.3,1009.21 2 0
github.com/devantler-tech/ksail-go/pkg/provisioner/mocks.go:1009.21,1011.4 1 0
github.com/devantler-tech/ksail-go/pkg/provisioner/mocks.go:1012.3,1013.21 2 0
github.com/devantler-tech/ksail-go/pkg/provisioner/mocks.go:1013.21,1015.4 1 0
github.com/devantler-tech/ksail-go/pkg/provisioner/mocks.go:1016.3,1023.4 1 0
github.com/devantler-tech/ksail-go/pkg/provisioner/mocks.go:1025.2,1025.11 1 0
github.com/devantler-tech/ksail-go/pkg/provisioner/mocks.go:1028.142,1031.2 2 0
github.com/devantler-tech/ksail-go/pkg/provisioner/mocks.go:1033.310,1036.2 2 0
github.com/devantler-tech/ksail-go/pkg/provisioner/mocks.go:1039.121,1042.19 2 0
github.com/devantler-tech/ksail-go/pkg/provisioner/mocks.go:1042.19,1043.55 1 0
github.com/devantler-tech/ksail-go/pkg/provisioner/mocks.go:1046.2,1048.108 3 0
github.com/devantler-tech/ksail-go/pkg/provisioner/mocks.go:1048.108,1050.3 1 0
github.com/devantler-tech/ksail-go/pkg/provisioner/mocks.go:1051.2,1051.99 1 0
github.com/devantler-tech/ksail-go/pkg/provisioner/mocks.go:1051.99,1053.3 1 0
github.com/devantler-tech/ksail-go/pkg/provisioner/mocks.go:1053.8,1054.24 1 0
github.com/devantler-tech/ksail-go/pkg/provisioner/mocks.go:1054.24,1056.4 1 0
github.com/devantler-tech/ksail-go/pkg/provisioner/mocks.go:1058.2,1058.76 1 0
github.com/devantler-tech/ksail-go/pkg/provisioner/mocks.go:1058.76,1060.3 1 0
github.com/devantler-tech/ksail-go/pkg/provisioner/mocks.go:1060.8,1062.3 1 0
github.com/devantler-tech/ksail-go/pkg/provisioner/mocks.go:1063.2,1063.15 1 0
github.com/devantler-tech/ksail-go/pkg/provisioner/mocks.go:1074.124,1076.2 1 0
github.com/devantler-tech/ksail-go/pkg/provisioner/mocks.go:1078.133,1079.40 1 0
github.com/devantler-tech/ksail-go/pkg/provisioner/mocks.go:1079.40,1081.21 2 0
github.com/devantler-tech/ksail-go/pkg/provisioner/mocks.go:1081.21,1083.4 1 0
github.com/devantler-tech/ksail-go/pkg/provisioner/mocks.go:1084.3,1085.21 2 0
github.com/devantler-tech/ksail-go/pkg/provisioner/mocks.go:1085.21,1087.4 1 0
github.com/devantler-tech/ksail-go/pkg/provisioner/mocks.go:1088.3,1091.4 1 0
github.com/devantler-tech/ksail-go/pkg/provisioner/mocks.go:1093.2,1093.11 1 0
github.com/devantler-tech/ksail-go/pkg/provisioner/mocks.go:1096.145,1099.2 2 0
github.com/devantler-tech/ksail-go/pkg/provisioner/mocks.go:1101.180,1104.2 2 0
github.com/devantler-tech/ksail-go/pkg/provisioner/mocks.go:1107.154,1110.19 2 0
github.com/devantler-tech/ksail-go/pkg/provisioner/mocks.go:1110.19,1111.61 1 0
github.com/devantler-tech/ksail-go/pkg/provisioner/mocks.go:1114.2,1116.131 3 0
github.com/devantler-tech/ksail-go/pkg/provisioner/mocks.go:1116.131,1118.3 1 0
github.com/devantler-tech/ksail-go/pkg/provisioner/mocks.go:1119.2,1119.122 1 0
github.com/devantler-tech/ksail-go/pkg/provisioner/mocks.go:1119.122,1121.3 1 0
github.com/devantler-tech/ksail-go/pkg/provisioner/mocks.go:1121.8,1123.3 1 0
github.com/devantler-tech/ksail-go/pkg/provisioner/mocks.go:1124.2,1124.105 1 0
github.com/devantler-tech/ksail-go/pkg/provisioner/mocks.go:1124.105,1126.3 1 0
github.com/devantler-tech/ksail-go/pkg/provisioner/mocks.go:1126.8,1128.3 1 0
github.com/devantler-tech/ksail-go/pkg/provisioner/mocks.go:1129.2,1129.15 1 0
github.com/devantler-tech/ksail-go/pkg/provisioner/mocks.go:1141.153,1143.2 1 0
github.com/devantler-tech/ksail-go/pkg/provisioner/mocks.go:1145.178,1146.40 1 0
github.com/devantler-tech/ksail-go/pkg/provisioner/mocks.go:1146.40,1148.21 2 0
github.com/devantler-tech/ksail-go/pkg/provisioner/mocks.go:1148.21,1150.4 1 0
github.com/devantler-tech/ksail-go/pkg/provisioner/mocks.go:1151.3,1152.21 2 0
github.com/devantler-tech/ksail-go/pkg/provisioner/mocks.go:1152.21,1154.4 1 0
github.com/devantler-tech/ksail-go/pkg/provisioner/mocks.go:1155.3,1156.21 2 0
github.com/devantler-tech/ksail-go/pkg/provisioner/mocks.go:1156.21,1158.4 1 0
github.com/devantler-tech/ksail-go/pkg/provisioner/mocks.go:1159.3,1163.4 1 0
github.com/devantler-tech/ksail-go/pkg/provisioner/mocks.go:1165.2,1165.11 1 0
github.com/devantler-tech/ksail-go/pkg/provisioner/mocks.go:1168.150,1171.2 2 0
github.com/devantler-tech/ksail-go/pkg/provisioner/mocks.go:1173.219,1176.2 2 0
github.com/devantler-tech/ksail-go/pkg/provisioner/mocks.go:1179.158,1182.19 2 0
github.com/devantler-tech/ksail-go/pkg/provisioner/mocks.go:1182.19,1183.61 1 0
github.com/devantler-tech/ksail-go/pkg/provisioner/mocks.go:1186.2,1188.131 3 0
github.com/devantler-tech/ksail-go/pkg/provisioner/mocks.go:1188.131,1190.3 1 0
github.com/devantler-tech/ksail-go/pkg/provisioner/mocks.go:1191.2,1191.122 1 0
github.com/devantler-tech/ksail-go/pkg/provisioner/mocks.go:1191.122,1193.3 1 0
github.com/devantler-tech/ksail-go/pkg/provisioner/mocks.go:1193.8,1195.3 1 0
github.com/devantler-tech/ksail-go/pkg/provisioner/mocks.go:1196.2,1196.99 1 0
github.com/devantler-tech/ksail-go/pkg/provisioner/mocks.go:1196.99,1198.3 1 0
github.com/devantler-tech/ksail-go/pkg/provisioner/mocks.go:1198.8,1200.3 1 0
github.com/devantler-tech/ksail-go/pkg/provisioner/mocks.go:1201.2,1201.15 1 0
github.com/devantler-tech/ksail-go/pkg/provisioner/mocks.go:1213.157,1215.2 1 0
github.com/devantler-tech/ksail-go/pkg/provisioner/mocks.go:1217.176,1218.40 1 0
github.com/devantler-tech/ksail-go/pkg/provisioner/mocks.go:1218.40,1220.21 2 0
github.com/devantler-tech/ksail-go/pkg/provisioner/mocks.go:1220.21,1222.4 1 0
github.com/devantler-tech/ksail-go/pkg/provisioner/mocks.go:1223.3,1224.21 2 0
github.com/devantler-tech/ksail-go/pkg/provisioner/mocks.go:1224.21,1226.4 1 0
github.com/devantler-tech/ksail-go/pkg/provisioner/mocks.go:1227.3,1228.21 2 0
github.com/devantler-tech/ksail-go/pkg/provisioner/mocks.go:1228.21,1230.4 1 0
github.com/devantler-tech/ksail-go/pkg/provisioner/mocks.go:1231.3,1235.4 1 0
github.com/devantler-tech/ksail-go/pkg/provisioner/mocks.go:1237.2,1237.11 1 0
github.com/devantler-tech/ksail-go/pkg/provisioner/mocks.go:1240.141,1243.2 2 0
github.com/devantler-tech/ksail-go/pkg/provisioner/mocks.go:1245.223,1248.2 2 0
github.com/devantler-tech/ksail-go/pkg/provisioner/mocks.go:1251.117,1254.19 2 0
github.com/devantler-tech/ksail-go/pkg/provisioner/mocks.go:1254.19,1255.62 1 0
github.com/devantler-tech/ksail-go/pkg/provisioner/mocks.go:1258.2,1260.101 3 0
github.com/devantler-tech/ksail-go/pkg/provisioner/mocks.go:1260.101,1262.3 1 0
github.com/devantler-tech/ksail-go/pkg/provisioner/mocks.go:1263.2,1263.92 1 0
github.com/devantler-tech/ksail-go/pkg/provisioner/mocks.go:1263.92,1265.3 1 0
github.com/devantler-tech/ksail-go/pkg/provisioner/mocks.go:1265.8,1267.3 1 0
github.com/devantler-tech/ksail-go/pkg/provisioner/mocks.go:1268.2,1268.76 1 0
github.com/devantler-tech/ksail-go/pkg/provisioner/mocks.go:1268.76,1270.3 1 0
github.com/devantler-tech/ksail-go/pkg/provisioner/mocks.go:1270.8,1272.3 1 0
github.com/devantler-tech/ksail-go/pkg/provisioner/mocks.go:1273.2,1273.15 1 0
github.com/devantler-tech/ksail-go/pkg/provisioner/mocks.go:1284.134,1286.2 1 0
github.com/devantler-tech/ksail-go/pkg/provisioner/mocks.go:1288.143,1289.40 1 0
github.com/devantler-tech/ksail-go/pkg/provisioner/mocks.go:1289.40,1291.21 2 0
github.com/devantler-tech/ksail-go/pkg/provisioner/mocks.go:1291.21,1293.4 1 0
github.com/devantler-tech/ksail-go/pkg/provisioner/mocks.go:1294.3,1295.21 2 0
github.com/devantler-tech/ksail-go/pkg/provisioner/mocks.go:1295.21,1297.4 1 0
github.com/devantler-tech/ksail-go/pkg/provisioner/mocks.go:1298.3,1301.4 1 0
github.com/devantler-tech/ksail-go/pkg/provisioner/mocks.go:1303.2,1303.11 1 0
github.com/devantler-tech/ksail-go/pkg/provisioner/mocks.go:1306.146,1309.2 2 0
github.com/devantler-tech/ksail-go/pkg/provisioner/mocks.go:1311.183,1314.2 2 0
github.com/devantler-tech/ksail-go/pkg/provisioner/mocks.go:1317.124,1320.19 2 0
github.com/devantler-tech/ksail-go/pkg/provisioner/mocks.go:1320.19,1321.61 1 0
github.com/devantler-tech/ksail-go/pkg/provisioner/mocks.go:1324.2,1325.101 2 0
github.com/devantler-tech/ksail-go/pkg/provisioner/mocks.go:1325.101,1327.3 1 0
github.com/devantler-tech/ksail-go/pkg/provisioner/mocks.go:1327.8,1329.3 1 0
github.com/devantler-tech/ksail-go/pkg/provisioner/mocks.go:1330.2,1330.11 1 0
github.com/devantler-tech/ksail-go/pkg/provisioner/mocks.go:1342.153,1344.2 1 0
github.com/devantler-tech/ksail-go/pkg/provisioner/mocks.go:1346.174,1347.40 1 0
github.com/devantler-tech/ksail-go/pkg/provisioner/mocks.go:1347.40,1349.21 2 0
github.com/devantler-tech/ksail-go/pkg/provisioner/mocks.go:1349.21,1351.4 1 0
github.com/devantler-tech/ksail-go/pkg/provisioner/mocks.go:1352.3,1353.21 2 0
github.com/devantler-tech/ksail-go/pkg/provisioner/mocks.go:1353.21,1355.4 1 0
github.com/devantler-tech/ksail-go/pkg/provisioner/mocks.go:1356.3,1357.21 2 0
github.com/devantler-tech/ksail-go/pkg/provisioner/mocks.go:1357.21,1359.4 1 0
github.com/devantler-tech/ksail-go/pkg/provisioner/mocks.go:1360.3,1364.4 1 0
github.com/devantler-tech/ksail-go/pkg/provisioner/mocks.go:1366.2,1366.11 1 0
github.com/devantler-tech/ksail-go/pkg/provisioner/mocks.go:1369.109,1372.2 2 0
github.com/devantler-tech/ksail-go/pkg/provisioner/mocks.go:1374.189,1377.2 2 0
github.com/devantler-tech/ksail-go/pkg/provisioner/mocks.go:1380.126,1383.19 2 0
github.com/devantler-tech/ksail-go/pkg/provisioner/mocks.go:1383.19,1384.60 1 0
github.com/devantler-tech/ksail-go/pkg/provisioner/mocks.go:1387.2,1388.104 2 0
github.com/devantler-tech/ksail-go/pkg/provisioner/mocks.go:1388.104,1390.3 1 0
github.com/devantler-tech/ksail-go/pkg/provisioner/mocks.go:1390.8,1392.3 1 0
github.com/devantler-tech/ksail-go/pkg/provisioner/mocks.go:1393.2,1393.11 1 0
github.com/devantler-tech/ksail-go/pkg/provisioner/mocks.go:1405.151,1407.2 1 0
github.com/devantler-tech/ksail-go/pkg/provisioner/mocks.go:1409.175,1410.40 1 0
github.com/devantler-tech/ksail-go/pkg/provisioner/mocks.go:1410.40,1412.21 2 0
github.com/devantler-tech/ksail-go/pkg/provisioner/mocks.go:1412.21,1414.4 1 0
github.com/devantler-tech/ksail-go/pkg/provisioner/mocks.go:1415.3,1416.21 2 0
github.com/devantler-tech/ksail-go/pkg/provisioner/mocks.go:1416.21,1418.4 1 0
github.com/devantler-tech/ksail-go/pkg/provisioner/mocks.go:1419.3,1420.21 2 0
github.com/devantler-tech/ksail-go/pkg/provisioner/mocks.go:1420.21,1422.4 1 0
github.com/devantler-tech/ksail-go/pkg/provisioner/mocks.go:1423.3,1427.4 1 0
github.com/devantler-tech/ksail-go/pkg/provisioner/mocks.go:1429.2,1429.11 1 0
github.com/devantler-tech/ksail-go/pkg/provisioner/mocks.go:1432.107,1435.2 2 0
github.com/devantler-tech/ksail-go/pkg/provisioner/mocks.go:1437.190,1440.2 2 0
github.com/devantler-tech/ksail-go/pkg/provisioner/mocks.go:1443.108,1446.19 2 0
github.com/devantler-tech/ksail-go/pkg/provisioner/mocks.go:1446.19,1447.57 1 0
github.com/devantler-tech/ksail-go/pkg/provisioner/mocks.go:1450.2,1452.93 3 0
github.com/devantler-tech/ksail-go/pkg/provisioner/mocks.go:1452.93,1454.3 1 0
github.com/devantler-tech/ksail-go/pkg/provisioner/mocks.go:1455.2,1455.84 1 0
github.com/devantler-tech/ksail-go/pkg/provisioner/mocks.go:1455.84,1457.3 1 0
github.com/devantler-tech/ksail-go/pkg/provisioner/mocks.go:1457.8,1458.24 1 0
github.com/devantler-tech/ksail-go/pkg/provisioner/mocks.go:1458.24,1460.4 1 0
github.com/devantler-tech/ksail-go/pkg/provisioner/mocks.go:1462.2,1462.76 1 0
github.com/devantler-tech/ksail-go/pkg/provisioner/mocks.go:1462.76,1464.3 1 0
github.com/devantler-tech/ksail-go/pkg/provisioner/mocks.go:1464.8,1466.3 1 0
github.com/devantler-tech/ksail-go/pkg/provisioner/mocks.go:1467.2,1467.15 1 0
github.com/devantler-tech/ksail-go/pkg/provisioner/mocks.go:1478.128,1480.2 1 0
github.com/devantler-tech/ksail-go/pkg/provisioner/mocks.go:1482.137,1483.40 1 0
github.com/devantler-tech/ksail-go/pkg/provisioner/mocks.go:1483.40,1485.21 2 0
github.com/devantler-tech/ksail-go/pkg/provisioner/mocks.go:1485.21,1487.4 1 0
github.com/devantler-tech/ksail-go/pkg/provisioner/mocks.go:1488.3,1489.21 2 0
github.com/devantler-tech/ksail-go/pkg/provisioner/mocks.go:1489.21,1491.4 1 0
github.com/devantler-tech/ksail-go/pkg/provisioner/mocks.go:1492.3,1495.4 1 0
github.com/devantler-tech/ksail-go/pkg/provisioner/mocks.go:1497.2,1497.11 1 0
github.com/devantler-tech/ksail-go/pkg/provisioner/mocks.go:1500.127,1503.2 2 0
github.com/devantler-tech/ksail-go/pkg/provisioner/mocks.go:1505.169,1508.2 2 0
github.com/devantler-tech/ksail-go/pkg/provisioner/mocks.go:1511.121,1514.19 2 0
github.com/devantler-tech/ksail-go/pkg/provisioner/mocks.go:1514.19,1515.58 1 0
github.com/devantler-tech/ksail-go/pkg/provisioner/mocks.go:1518.2,1520.105 3 0
github.com/devantler-tech/ksail-go/pkg/provisioner/mocks.go:1520.105,1522.3 1 0
github.com/devantler-tech/ksail-go/pkg/provisioner/mocks.go:1523.2,1523.96 1 0
github.com/devantler-tech/ksail-go/pkg/provisioner/mocks.go:1523.96,1525.3 1 0
github.com/devantler-tech/ksail-go/pkg/provisioner/mocks.go:1525.8,1527.3 1 0
github.com/devantler-tech/ksail-go/pkg/provisioner/mocks.go:1528.2,1528.76 1 0
github.com/devantler-tech/ksail-go/pkg/provisioner/mocks.go:1528.76,1530.3 1 0
github.com/devantler-tech/ksail-go/pkg/provisioner/mocks.go:1530.8,1532.3 1 0
github.com/devantler-tech/ksail-go/pkg/provisioner/mocks.go:1533.2,1533.15 1 0
github.com/devantler-tech/ksail-go/pkg/provisioner/mocks.go:1544.130,1546.2 1 0
github.com/devantler-tech/ksail-go/pkg/provisioner/mocks.go:1548.139,1549.40 1 0
github.com/devantler-tech/ksail-go/pkg/provisioner/mocks.go:1549.40,1551.21 2 0
github.com/devantler-tech/ksail-go/pkg/provisioner/mocks.go:1551.21,1553.4 1 0
github.com/devantler-tech/ksail-go/pkg/provisioner/mocks.go:1554.3,1555.21 2 0
github.com/devantler-tech/ksail-go/pkg/provisioner/mocks.go:1555.21,1557.4 1 0
github.com/devantler-tech/ksail-go/pkg/provisioner/mocks.go:1558.3,1561.4 1 0
github.com/devantler-tech/ksail-go/pkg/provisioner/mocks.go:1563.2,1563.11 1 0
github.com/devantler-tech/ksail-go/pkg/provisioner/mocks.go:1566.146,1569.2 2 0
github.com/devantler-tech/ksail-go/pkg/provisioner/mocks.go:1571.183,1574.2 2 0
github.com/devantler-tech/ksail-go/pkg/provisioner/mocks.go:1577.150,1580.19 2 0
github.com/devantler-tech/ksail-go/pkg/provisioner/mocks.go:1580.19,1581.65 1 0
github.com/devantler-tech/ksail-go/pkg/provisioner/mocks.go:1584.2,1587.119 4 0
github.com/devantler-tech/ksail-go/pkg/provisioner/mocks.go:1587.119,1589.3 1 0
github.com/devantler-tech/ksail-go/pkg/provisioner/mocks.go:1590.2,1590.102 1 0
github.com/devantler-tech/ksail-go/pkg/provisioner/mocks.go:1590.102,1592.3 1 0
github.com/devantler-tech/ksail-go/pkg/provisioner/mocks.go:1592.8,1594.3 1 0
github.com/devantler-tech/ksail-go/pkg/provisioner/mocks.go:1595.2,1595.83 1 0
github.com/devantler-tech/ksail-go/pkg/provisioner/mocks.go:1595.83,1597.3 1 0
github.com/devantler-tech/ksail-go/pkg/provisioner/mocks.go:1597.8,1598.24 1 0
github.com/devantler-tech/ksail-go/pkg/provisioner/mocks.go:1598.24,1600.4 1 0
github.com/devantler-tech/ksail-go/pkg/provisioner/mocks.go:1602.2,1602.82 1 0
github.com/devantler-tech/ksail-go/pkg/provisioner/mocks.go:1602.82,1604.3 1 0
github.com/devantler-tech/ksail-go/pkg/provisioner/mocks.go:1604.8,1606.3 1 0
github.com/devantler-tech/ksail-go/pkg/provisioner/mocks.go:1607.2,1607.19 1 0
github.com/devantler-tech/ksail-go/pkg/provisioner/mocks.go:1619.165,1621.2 1 0
github.com/devantler-tech/ksail-go/pkg/provisioner/mocks.go:1623.167,1624.40 1 0
github.com/devantler-tech/ksail-go/pkg/provisioner/mocks.go:1624.40,1626.21 2 0
github.com/devantler-tech/ksail-go/pkg/provisioner/mocks.go:1626.21,1628.4 1 0
github.com/devantler-tech/ksail-go/pkg/provisioner/mocks.go:1629.3,1630.21 2 0
github.com/devantler-tech/ksail-go/pkg/provisioner/mocks.go:1630.21,1632.4 1 0
github.com/devantler-tech/ksail-go/pkg/provisioner/mocks.go:1633.3,1634.21 2 0
github.com/devantler-tech/ksail-go/pkg/provisioner/mocks.go:1634.21,1636.4 1 0
github.com/devantler-tech/ksail-go/pkg/provisioner/mocks.go:1637.3,1641.4 1 0
github.com/devantler-tech/ksail-go/pkg/provisioner/mocks.go:1643.2,1643.11 1 0
github.com/devantler-tech/ksail-go/pkg/provisioner/mocks.go:1646.174,1649.2 2 0
github.com/devantler-tech/ksail-go/pkg/provisioner/mocks.go:1651.219,1654.2 2 0
github.com/devantler-tech/ksail-go/pkg/provisioner/mocks.go:1657.104,1660.19 2 0
github.com/devantler-tech/ksail-go/pkg/provisioner/mocks.go:1660.19,1661.55 1 0
github.com/devantler-tech/ksail-go/pkg/provisioner/mocks.go:1664.2,1665.84 2 0
github.com/devantler-tech/ksail-go/pkg/provisioner/mocks.go:1665.84,1667.3 1 0
github.com/devantler-tech/ksail-go/pkg/provisioner/mocks.go:1667.8,1669.3 1 0
github.com/devantler-tech/ksail-go/pkg/provisioner/mocks.go:1670.2,1670.11 1 0
github.com/devantler-tech/ksail-go/pkg/provisioner/mocks.go:1682.144,1684.2 1 0
github.com/devantler-tech/ksail-go/pkg/provisioner/mocks.go:1686.148,1687.40 1 0
github.com/devantler-tech/ksail-go/pkg/provisioner/mocks.go:1687.40,1689.21 2 0
github.com/devantler-tech/ksail-go/pkg/provisioner/mocks.go:1689.21,1691.4 1 0
github.com/devantler-tech/ksail-go/pkg/provisioner/mocks.go:1692.3,1693.21 2 0
github.com/devantler-tech/ksail-go/pkg/provisioner/mocks.go:1693.21,1695.4 1 0
github.com/devantler-tech/ksail-go/pkg/provisioner/mocks.go:1696.3,1697.21 2 0
github.com/devantler-tech/ksail-go/pkg/provisioner/mocks.go:1697.21,1699.4 1 0
github.com/devantler-tech/ksail-go/pkg/provisioner/mocks.go:1700.3,1704.4 1 0
github.com/devantler-tech/ksail-go/pkg/provisioner/mocks.go:1706.2,1706.11 1 0
github.com/devantler-tech/ksail-go/pkg/provisioner/mocks.go:1709.97,1712.2 2 0
github.com/devantler-tech/ksail-go/pkg/provisioner/mocks.go:1714.163,1717.2 2 0
github.com/devantler-tech/ksail-go/pkg/provisioner/mocks.go:1720.124,1723.19 2 0
github.com/devantler-tech/ksail-go/pkg/provisioner/mocks.go:1723.19,1724.55 1 0
github.com/devantler-tech/ksail-go/pkg/provisioner/mocks.go:1727.2,1729.114 3 0
github.com/devantler-tech/ksail-go/pkg/provisioner/mocks.go:1729.114,1731.3 1 0
github.com/devantler-tech/ksail-go/pkg/provisioner/mocks.go:1732.2,1732.105 1 0
github.com/devantler-tech/ksail-go/pkg/provisioner/mocks.go:1732.105,1734.3 1 0
github.com/devantler-tech/ksail-go/pkg/provisioner/mocks.go:1734.8,1735.24 1 0
github.com/devantler-tech/ksail-go/pkg/provisioner/mocks.go:1735.24,1737.4 1 0
github.com/devantler-tech/ksail-go/pkg/provisioner/mocks.go:1739.2,1739.91 1 0
github.com/devantler-tech/ksail-go/pkg/provisioner/mocks.go:1739.91,1741.3 1 0
github.com/devantler-tech/ksail-go/pkg/provisioner/mocks.go:1741.8,1743.3 1 0
github.com/devantler-tech/ksail-go/pkg/provisioner/mocks.go:1744.2,1744.15 1 0
github.com/devantler-tech/ksail-go/pkg/provisioner/mocks.go:1755.121,1757.2 1 0
github.com/devantler-tech/ksail-go/pkg/provisioner/mocks.go:1759.145,1760.40 1 0
github.com/devantler-tech/ksail-go/pkg/provisioner/mocks.go:1760.40,1762.21 2 0
github.com/devantler-tech/ksail-go/pkg/provisioner/mocks.go:1762.21,1764.4 1 0
github.com/devantler-tech/ksail-go/pkg/provisioner/mocks.go:1765.3,1766.21 2 0
github.com/devantler-tech/ksail-go/pkg/provisioner/mocks.go:1766.21,1768.4 1 0
github.com/devantler-tech/ksail-go/pkg/provisioner/mocks.go:1769.3,1772.4 1 0
github.com/devantler-tech/ksail-go/pkg/provisioner/mocks.go:1774.2,1774.11 1 0
github.com/devantler-tech/ksail-go/pkg/provisioner/mocks.go:1777.127,1780.2 2 0
github.com/devantler-tech/ksail-go/pkg/provisioner/mocks.go:1782.183,1785.2 2 0
github.com/devantler-tech/ksail-go/pkg/provisioner/mocks.go:1788.137,1791.19 2 0
github.com/devantler-tech/ksail-go/pkg/provisioner/mocks.go:1791.19,1792.55 1 0
github.com/devantler-tech/ksail-go/pkg/provisioner/mocks.go:1795.2,1797.116 3 0
github.com/devantler-tech/ksail-go/pkg/provisioner/mocks.go:1797.116,1799.3 1 0
github.com/devantler-tech/ksail-go/pkg/provisioner/mocks.go:1800.2,1800.107 1 0
github.com/devantler-tech/ksail-go/pkg/provisioner/mocks.go:1800.107,1802.3 1 0
github.com/devantler-tech/ksail-go/pkg/provisioner/mocks.go:1802.8,1803.24 1 0
github.com/devantler-tech/ksail-go/pkg/provisioner/mocks.go:1803.24,1805.4 1 0
github.com/devantler-tech/ksail-go/pkg/provisioner/mocks.go:1807.2,1807.99 1 0
github.com/devantler-tech/ksail-go/pkg/provisioner/mocks.go:1807.99,1809.3 1 0
github.com/devantler-tech/ksail-go/pkg/provisioner/mocks.go:1809.8,1811.3 1 0
github.com/devantler-tech/ksail-go/pkg/provisioner/mocks.go:1812.2,1812.15 1 0
github.com/devantler-tech/ksail-go/pkg/provisioner/mocks.go:1824.145,1826.2 1 0
github.com/devantler-tech/ksail-go/pkg/provisioner/mocks.go:1828.164,1829.40 1 0
github.com/devantler-tech/ksail-go/pkg/provisioner/mocks.go:1829.40,1831.21 2 0
github.com/devantler-tech/ksail-go/pkg/provisioner/mocks.go:1831.21,1833.4 1 0
github.com/devantler-tech/ksail-go/pkg/provisioner/mocks.go:1834.3,1835.21 2 0
github.com/devantler-tech/ksail-go/pkg/provisioner/mocks.go:1835.21,1837.4 1 0
github.com/devantler-tech/ksail-go/pkg/provisioner/mocks.go:1838.3,1839.21 2 0
github.com/devantler-tech/ksail-go/pkg/provisioner/mocks.go:1839.21,1841.4 1 0
github.com/devantler-tech/ksail-go/pkg/provisioner/mocks.go:1842.3,1846.4 1 0
github.com/devantler-tech/ksail-go/pkg/provisioner/mocks.go:1848.2,1848.11 1 0
github.com/devantler-tech/ksail-go/pkg/provisioner/mocks.go:1851.123,1854.2 2 0
github.com/devantler-tech/ksail-go/pkg/provisioner/mocks.go:1856.196,1859.2 2 0
github.com/devantler-tech/ksail-go/pkg/provisioner/mocks.go:1862.90,1865.19 2 0
github.com/devantler-tech/ksail-go/pkg/provisioner/mocks.go:1865.19,1866.56 1 0
github.com/devantler-tech/ksail-go/pkg/provisioner/mocks.go:1869.2,1870.76 2 0
github.com/devantler-tech/ksail-go/pkg/provisioner/mocks.go:1870.76,1872.3 1 0
github.com/devantler-tech/ksail-go/pkg/provisioner/mocks.go:1872.8,1874.3 1 0
github.com/devantler-tech/ksail-go/pkg/provisioner/mocks.go:1875.2,1875.11 1 0
github.com/devantler-tech/ksail-go/pkg/provisioner/mocks.go:1886.126,1888.2 1 0
github.com/devantler-tech/ksail-go/pkg/provisioner/mocks.go:1890.135,1891.40 1 0
github.com/devantler-tech/ksail-go/pkg/provisioner/mocks.go:1891.40,1893.21 2 0
github.com/devantler-tech/ksail-go/pkg/provisioner/mocks.go:1893.21,1895.4 1 0
github.com/devantler-tech/ksail-go/pkg/provisioner/mocks.go:1896.3,1897.21 2 0
github.com/devantler-tech/ksail-go/pkg/provisioner/mocks.go:1897.21,1899.4 1 0
github.com/devantler-tech/ksail-go/pkg/provisioner/mocks.go:1900.3,1903.4 1 0
github.com/devantler-tech/ksail-go/pkg/provisioner/mocks.go:1905.2,1905.11 1 0
github.com/devantler-tech/ksail-go/pkg/provisioner/mocks.go:1908.99,1911.2 2 0
github.com/devantler-tech/ksail-go/pkg/provisioner/mocks.go:1913.150,1916.2 2 0
github.com/devantler-tech/ksail-go/pkg/provisioner/mocks.go:1919.124,1922.19 2 0
github.com/devantler-tech/ksail-go/pkg/provisioner/mocks.go:1922.19,1923.57 1 0
github.com/devantler-tech/ksail-go/pkg/provisioner/mocks.go:1926.2,1927.101 2 0
github.com/devantler-tech/ksail-go/pkg/provisioner/mocks.go:1927.101,1929.3 1 0
github.com/devantler-tech/ksail-go/pkg/provisioner/mocks.go:1929.8,1931.3 1 0
github.com/devantler-tech/ksail-go/pkg/provisioner/mocks.go:1932.2,1932.11 1 0
github.com/devantler-tech/ksail-go/pkg/provisioner/mocks.go:1944.149,1946.2 1 0
github.com/devantler-tech/ksail-go/pkg/provisioner/mocks.go:1948.170,1949.40 1 0
github.com/devantler-tech/ksail-go/pkg/provisioner/mocks.go:1949.40,1951.21 2 0
github.com/devantler-tech/ksail-go/pkg/provisioner/mocks.go:1951.21,1953.4 1 0
github.com/devantler-tech/ksail-go/pkg/provisioner/mocks.go:1954.3,1955.21 2 0
github.com/devantler-tech/ksail-go/pkg/provisioner/mocks.go:1955.21,1957.4 1 0
github.com/devantler-tech/ksail-go/pkg/provisioner/mocks.go:1958.3,1959.21 2 0
github.com/devantler-tech/ksail-go/pkg/provisioner/mocks.go:1959.21,1961.4 1 0
github.com/devantler-tech/ksail-go/pkg/provisioner/mocks.go:1962.3,1966.4 1 0
github.com/devantler-tech/ksail-go/pkg/provisioner/mocks.go:1968.2,1968.11 1 0
github.com/devantler-tech/ksail-go/pkg/provisioner/mocks.go:1971.101,1974.2 2 0
github.com/devantler-tech/ksail-go/pkg/provisioner/mocks.go:1976.185,1979.2 2 0
github.com/devantler-tech/ksail-go/pkg/provisioner/mocks.go:1982.116,1985.19 2 0
github.com/devantler-tech/ksail-go/pkg/provisioner/mocks.go:1985.19,1986.57 1 0
github.com/devantler-tech/ksail-go/pkg/provisioner/mocks.go:1989.2,1990.84 2 0
github.com/devantler-tech/ksail-go/pkg/provisioner/mocks.go:1990.84,1992.3 1 0
github.com/devantler-tech/ksail-go/pkg/provisioner/mocks.go:1992.8,1994.3 1 0
github.com/devantler-tech/ksail-go/pkg/provisioner/mocks.go:1995.2,1995.11 1 0
github.com/devantler-tech/ksail-go/pkg/provisioner/mocks.go:2007.158,2009.2 1 0
github.com/devantler-tech/ksail-go/pkg/provisioner/mocks.go:2011.162,2012.40 1 0
github.com/devantler-tech/ksail-go/pkg/provisioner/mocks.go:2012.40,2014.21 2 0
github.com/devantler-tech/ksail-go/pkg/provisioner/mocks.go:2014.21,2016.4 1 0
github.com/devantler-tech/ksail-go/pkg/provisioner/mocks.go:2017.3,2018.21 2 0
github.com/devantler-tech/ksail-go/pkg/provisioner/mocks.go:2018.21,2020.4 1 0
github.com/devantler-tech/ksail-go/pkg/provisioner/mocks.go:2021.3,2022.21 2 0
github.com/devantler-tech/ksail-go/pkg/provisioner/mocks.go:2022.21,2024.4 1 0
github.com/devantler-tech/ksail-go/pkg/provisioner/mocks.go:2025.3,2029.4 1 0
github.com/devantler-tech/ksail-go/pkg/provisioner/mocks.go:2031.2,2031.11 1 0
github.com/devantler-tech/ksail-go/pkg/provisioner/mocks.go:2034.101,2037.2 2 0
github.com/devantler-tech/ksail-go/pkg/provisioner/mocks.go:2039.177,2042.2 2 0
github.com/devantler-tech/ksail-go/pkg/provisioner/mocks.go:2045.124,2048.19 2 0
github.com/devantler-tech/ksail-go/pkg/provisioner/mocks.go:2048.19,2049.57 1 0
github.com/devantler-tech/ksail-go/pkg/provisioner/mocks.go:2052.2,2053.101 2 0
github.com/devantler-tech/ksail-go/pkg/provisioner/mocks.go:2053.101,2055.3 1 0
github.com/devantler-tech/ksail-go/pkg/provisioner/mocks.go:2055.8,2057.3 1 0
github.com/devantler-tech/ksail-go/pkg/provisioner/mocks.go:2058.2,2058.11 1 0
github.com/devantler-tech/ksail-go/pkg/provisioner/mocks.go:2070.149,2072.2 1 0
github.com/devantler-tech/ksail-go/pkg/provisioner/mocks.go:2074.170,2075.40 1 0
github.com/devantler-tech/ksail-go/pkg/provisioner/mocks.go:2075.40,2077.21 2 0
github.com/devantler-tech/ksail-go/pkg/provisioner/mocks.go:2077.21,2079.4 1 0
github.com/devantler-tech/ksail-go/pkg/provisioner/mocks.go:2080.3,2081.21 2 0
github.com/devantler-tech/ksail-go/pkg/provisioner/mocks.go:2081.21,2083.4 1 0
github.com/devantler-tech/ksail-go/pkg/provisioner/mocks.go:2084.3,2085.21 2 0
github.com/devantler-tech/ksail-go/pkg/provisioner/mocks.go:2085.21,2087.4 1 0
github.com/devantler-tech/ksail-go/pkg/provisioner/mocks.go:2088.3,2092.4 1 0
github.com/devantler-tech/ksail-go/pkg/provisioner/mocks.go:2094.2,2094.11 1 0
github.com/devantler-tech/ksail-go/pkg/provisioner/mocks.go:2097.101,2100.2 2 0
[...]
github.com/devantler-tech/ksail-go/pkg/provisioner/mocks.go:9759.172,9760.40 1 0
github.com/devantler-tech/ksail-go/pkg/provisioner/mocks.go:9760.40,9762.21 2 0
github.com/devantler-tech/ksail-go/pkg/provisioner/mocks.go:9762.21,9764.4 1 0
github.com/devantler-tech/ksail-go/pkg/provisioner/mocks.go:9765.3,9766.21 2 0
github.com/devantler-tech/ksail-go/pkg/provisioner/mocks.go:9766.21,9768.4 1 0
github.com/devantler-tech/ksail-go/pkg/provisioner/mocks.go:9769.3,9770.21 2 0
github.com/devantler-tech/ksail-go/pkg/provisioner/mocks.go:9770.21,9772.4 1 0
github.com/devantler-tech/ksail-go/pkg/provisioner/mocks.go:9773.3,9777.4 1 0
github.com/devantler-tech/ksail-go/pkg/provisioner/mocks.go:9779.2,9779.11 1 0
github.com/devantler-tech/ksail-go/pkg/provisioner/mocks.go:9782.152,9785.2 2 0
github.com/devantler-tech/ksail-go/pkg/provisioner/mocks.go:9787.209,9790.2 2 0
github.com/devantler-tech/ksail-go/pkg/provisioner/mocks.go:9793.145,9796.19 2 0
github.com/devantler-tech/ksail-go/pkg/provisioner/mocks.go:9796.19,9797.56 1 0
github.com/devantler-tech/ksail-go/pkg/provisioner/mocks.go:9800.2,9802.115 3 0
github.com/devantler-tech/ksail-go/pkg/provisioner/mocks.go:9802.115,9804.3 1 0
github.com/devantler-tech/ksail-go/pkg/provisioner/mocks.go:9805.2,9805.106 1 0
github.com/devantler-tech/ksail-go/pkg/provisioner/mocks.go:9805.106,9807.3 1 0
github.com/devantler-tech/ksail-go/pkg/provisioner/mocks.go:9807.8,9809.3 1 0
github.com/devantler-tech/ksail-go/pkg/provisioner/mocks.go:9810.2,9810.82 1 0
github.com/devantler-tech/ksail-go/pkg/provisioner/mocks.go:9810.82,9812.3 1 0
github.com/devantler-tech/ksail-go/pkg/provisioner/mocks.go:9812.8,9814.3 1 0
github.com/devantler-tech/ksail-go/pkg/provisioner/mocks.go:9815.2,9815.15 1 0
github.com/devantler-tech/ksail-go/pkg/provisioner/mocks.go:9827.164,9829.2 1 0
github.com/devantler-tech/ksail-go/pkg/provisioner/mocks.go:9831.166,9832.40 1 0
github.com/devantler-tech/ksail-go/pkg/provisioner/mocks.go:9832.40,9834.21 2 0
github.com/devantler-tech/ksail-go/pkg/provisioner/mocks.go:9834.21,9836.4 1 0
github.com/devantler-tech/ksail-go/pkg/provisioner/mocks.go:9837.3,9838.21 2 0
github.com/devantler-tech/ksail-go/pkg/provisioner/mocks.go:9838.21,9840.4 1 0
github.com/devantler-tech/ksail-go/pkg/provisioner/mocks.go:9841.3,9842.21 2 0
github.com/devantler-tech/ksail-go/pkg/provisioner/mocks.go:9842.21,9844.4 1 0
github.com/devantler-tech/ksail-go/pkg/provisioner/mocks.go:9845.3,9849.4 1 0
github.com/devantler-tech/ksail-go/pkg/provisioner/mocks.go:9851.2,9851.11 1 0
github.com/devantler-tech/ksail-go/pkg/provisioner/mocks.go:9854.168,9857.2 2 0
github.com/devantler-tech/ksail-go/pkg/provisioner/mocks.go:9859.214,9862.2 2 0
github.com/devantler-tech/ksail-go/pkg/provisioner/mocks.go:9865.139,9868.19 2 0
github.com/devantler-tech/ksail-go/pkg/provisioner/mocks.go:9868.19,9869.63 1 0
github.com/devantler-tech/ksail-go/pkg/provisioner/mocks.go:9872.2,9874.109 3 0
github.com/devantler-tech/ksail-go/pkg/provisioner/mocks.go:9874.109,9876.3 1 0
github.com/devantler-tech/ksail-go/pkg/provisioner/mocks.go:9877.2,9877.100 1 0
github.com/devantler-tech/ksail-go/pkg/provisioner/mocks.go:9877.100,9879.3 1 0
github.com/devantler-tech/ksail-go/pkg/provisioner/mocks.go:9879.8,9881.3 1 0
github.com/devantler-tech/ksail-go/pkg/provisioner/mocks.go:9882.2,9882.76 1 0
github.com/devantler-tech/ksail-go/pkg/provisioner/mocks.go:9882.76,9884.3 1 0
github.com/devantler-tech/ksail-go/pkg/provisioner/mocks.go:9884.8,9886.3 1 0
github.com/devantler-tech/ksail-go/pkg/provisioner/mocks.go:9887.2,9887.15 1 0
github.com/devantler-tech/ksail-go/pkg/provisioner/mocks.go:9898.158,9900.2 1 0
github.com/devantler-tech/ksail-go/pkg/provisioner/mocks.go:9902.167,9903.40 1 0
github.com/devantler-tech/ksail-go/pkg/provisioner/mocks.go:9903.40,9905.21 2 0
github.com/devantler-tech/ksail-go/pkg/provisioner/mocks.go:9905.21,9907.4 1 0
github.com/devantler-tech/ksail-go/pkg/provisioner/mocks.go:9908.3,9909.21 2 0
github.com/devantler-tech/ksail-go/pkg/provisioner/mocks.go:9909.21,9911.4 1 0
github.com/devantler-tech/ksail-go/pkg/provisioner/mocks.go:9912.3,9915.4 1 0
github.com/devantler-tech/ksail-go/pkg/provisioner/mocks.go:9917.2,9917.11 1 0
github.com/devantler-tech/ksail-go/pkg/provisioner/mocks.go:9920.182,9923.2 2 0
github.com/devantler-tech/ksail-go/pkg/provisioner/mocks.go:9925.215,9928.2 2 0
github.com/devantler-tech/ksail-go/pkg/provisioner/mocks.go:9931.129,9934.19 2 0
github.com/devantler-tech/ksail-go/pkg/provisioner/mocks.go:9934.19,9935.55 1 0
github.com/devantler-tech/ksail-go/pkg/provisioner/mocks.go:9938.2,9939.99 2 0
github.com/devantler-tech/ksail-go/pkg/provisioner/mocks.go:9939.99,9941.3 1 0
github.com/devantler-tech/ksail-go/pkg/provisioner/mocks.go:9941.8,9943.3 1 0
github.com/devantler-tech/ksail-go/pkg/provisioner/mocks.go:9944.2,9944.11 1 0
github.com/devantler-tech/ksail-go/pkg/provisioner/mocks.go:9956.163,9958.2 1 0
github.com/devantler-tech/ksail-go/pkg/provisioner/mocks.go:9960.182,9961.40 1 0
github.com/devantler-tech/ksail-go/pkg/provisioner/mocks.go:9961.40,9963.21 2 0
github.com/devantler-tech/ksail-go/pkg/provisioner/mocks.go:9963.21,9965.4 1 0
github.com/devantler-tech/ksail-go/pkg/provisioner/mocks.go:9966.3,9967.21 2 0
github.com/devantler-tech/ksail-go/pkg/provisioner/mocks.go:9967.21,9969.4 1 0
github.com/devantler-tech/ksail-go/pkg/provisioner/mocks.go:9970.3,9971.21 2 0
github.com/devantler-tech/ksail-go/pkg/provisioner/mocks.go:9971.21,9973.4 1 0
github.com/devantler-tech/ksail-go/pkg/provisioner/mocks.go:9974.3,9978.4 1 0
github.com/devantler-tech/ksail-go/pkg/provisioner/mocks.go:9980.2,9980.11 1 0
github.com/devantler-tech/ksail-go/pkg/provisioner/mocks.go:9983.115,9986.2 2 0
github.com/devantler-tech/ksail-go/pkg/provisioner/mocks.go:9988.197,9991.2 2 0
github.com/devantler-tech/ksail-go/pkg/provisioner/mocks.go:9994.142,9997.19 2 0
github.com/devantler-tech/ksail-go/pkg/provisioner/mocks.go:9997.19,9998.54 1 0
github.com/devantler-tech/ksail-go/pkg/provisioner/mocks.go:10001.2,10003.111 3 0
github.com/devantler-tech/ksail-go/pkg/provisioner/mocks.go:10003.111,10005.3 1 0
github.com/devantler-tech/ksail-go/pkg/provisioner/mocks.go:10006.2,10006.102 1 0
github.com/devantler-tech/ksail-go/pkg/provisioner/mocks.go:10006.102,10008.3 1 0
github.com/devantler-tech/ksail-go/pkg/provisioner/mocks.go:10008.8,10010.3 1 0
github.com/devantler-tech/ksail-go/pkg/provisioner/mocks.go:10011.2,10011.86 1 0
github.com/devantler-tech/ksail-go/pkg/provisioner/mocks.go:10011.86,10013.3 1 0
github.com/devantler-tech/ksail-go/pkg/provisioner/mocks.go:10013.8,10015.3 1 0
github.com/devantler-tech/ksail-go/pkg/provisioner/mocks.go:10016.2,10016.15 1 0
github.com/devantler-tech/ksail-go/pkg/provisioner/mocks.go:10028.163,10030.2 1 0
github.com/devantler-tech/ksail-go/pkg/provisioner/mocks.go:10032.169,10033.40 1 0
github.com/devantler-tech/ksail-go/pkg/provisioner/mocks.go:10033.40,10035.21 2 0
github.com/devantler-tech/ksail-go/pkg/provisioner/mocks.go:10035.21,10037.4 1 0
github.com/devantler-tech/ksail-go/pkg/provisioner/mocks.go:10038.3,10039.21 2 0
github.com/devantler-tech/ksail-go/pkg/provisioner/mocks.go:10039.21,10041.4 1 0
github.com/devantler-tech/ksail-go/pkg/provisioner/mocks.go:10042.3,10043.21 2 0
github.com/devantler-tech/ksail-go/pkg/provisioner/mocks.go:10043.21,10045.4 1 0
github.com/devantler-tech/ksail-go/pkg/provisioner/mocks.go:10046.3,10050.4 1 0
github.com/devantler-tech/ksail-go/pkg/provisioner/mocks.go:10052.2,10052.11 1 0
github.com/devantler-tech/ksail-go/pkg/provisioner/mocks.go:10055.148,10058.2 2 0
github.com/devantler-tech/ksail-go/pkg/provisioner/mocks.go:10060.209,10063.2 2 0
github.com/devantler-tech/ksail-go/pkg/provisioner/mocks.go:10066.101,10069.19 2 0
github.com/devantler-tech/ksail-go/pkg/provisioner/mocks.go:10069.19,10070.58 1 0
github.com/devantler-tech/ksail-go/pkg/provisioner/mocks.go:10073.2,10074.76 2 0
github.com/devantler-tech/ksail-go/pkg/provisioner/mocks.go:10074.76,10076.3 1 0
github.com/devantler-tech/ksail-go/pkg/provisioner/mocks.go:10076.8,10078.3 1 0
github.com/devantler-tech/ksail-go/pkg/provisioner/mocks.go:10079.2,10079.11 1 0
github.com/devantler-tech/ksail-go/pkg/provisioner/mocks.go:10090.148,10092.2 1 0
github.com/devantler-tech/ksail-go/pkg/provisioner/mocks.go:10094.157,10095.40 1 0
github.com/devantler-tech/ksail-go/pkg/provisioner/mocks.go:10095.40,10097.21 2 0
github.com/devantler-tech/ksail-go/pkg/provisioner/mocks.go:10097.21,10099.4 1 0
github.com/devantler-tech/ksail-go/pkg/provisioner/mocks.go:10100.3,10101.21 2 0
github.com/devantler-tech/ksail-go/pkg/provisioner/mocks.go:10101.21,10103.4 1 0
github.com/devantler-tech/ksail-go/pkg/provisioner/mocks.go:10104.3,10107.4 1 0
github.com/devantler-tech/ksail-go/pkg/provisioner/mocks.go:10109.2,10109.11 1 0
github.com/devantler-tech/ksail-go/pkg/provisioner/mocks.go:10112.121,10115.2 2 0
github.com/devantler-tech/ksail-go/pkg/provisioner/mocks.go:10117.172,10120.2 2 0
github.com/devantler-tech/ksail-go/pkg/provisioner/mocks.go:10123.165,10126.19 2 0
github.com/devantler-tech/ksail-go/pkg/provisioner/mocks.go:10126.19,10127.57 1 0
github.com/devantler-tech/ksail-go/pkg/provisioner/mocks.go:10130.2,10132.128 3 0
github.com/devantler-tech/ksail-go/pkg/provisioner/mocks.go:10132.128,10134.3 1 0
github.com/devantler-tech/ksail-go/pkg/provisioner/mocks.go:10135.2,10135.119 1 0
github.com/devantler-tech/ksail-go/pkg/provisioner/mocks.go:10135.119,10137.3 1 0
github.com/devantler-tech/ksail-go/pkg/provisioner/mocks.go:10137.8,10139.3 1 0
github.com/devantler-tech/ksail-go/pkg/provisioner/mocks.go:10140.2,10140.100 1 0
github.com/devantler-tech/ksail-go/pkg/provisioner/mocks.go:10140.100,10142.3 1 0
github.com/devantler-tech/ksail-go/pkg/provisioner/mocks.go:10142.8,10144.3 1 0
github.com/devantler-tech/ksail-go/pkg/provisioner/mocks.go:10145.2,10145.15 1 0
github.com/devantler-tech/ksail-go/pkg/provisioner/mocks.go:10157.172,10159.2 1 0
github.com/devantler-tech/ksail-go/pkg/provisioner/mocks.go:10161.192,10162.40 1 0
github.com/devantler-tech/ksail-go/pkg/provisioner/mocks.go:10162.40,10164.21 2 0
github.com/devantler-tech/ksail-go/pkg/provisioner/mocks.go:10164.21,10166.4 1 0
github.com/devantler-tech/ksail-go/pkg/provisioner/mocks.go:10167.3,10168.21 2 0
github.com/devantler-tech/ksail-go/pkg/provisioner/mocks.go:10168.21,10170.4 1 0
github.com/devantler-tech/ksail-go/pkg/provisioner/mocks.go:10171.3,10172.21 2 0
github.com/devantler-tech/ksail-go/pkg/provisioner/mocks.go:10172.21,10174.4 1 0
github.com/devantler-tech/ksail-go/pkg/provisioner/mocks.go:10175.3,10179.4 1 0
github.com/devantler-tech/ksail-go/pkg/provisioner/mocks.go:10181.2,10181.11 1 0
github.com/devantler-tech/ksail-go/pkg/provisioner/mocks.go:10184.160,10187.2 2 0
github.com/devantler-tech/ksail-go/pkg/provisioner/mocks.go:10189.235,10192.2 2 0
github.com/devantler-tech/ksail-go/pkg/provisioner/mocks.go:10195.173,10198.19 2 0
github.com/devantler-tech/ksail-go/pkg/provisioner/mocks.go:10198.19,10199.55 1 0
github.com/devantler-tech/ksail-go/pkg/provisioner/mocks.go:10202.2,10204.141 3 0
github.com/devantler-tech/ksail-go/pkg/provisioner/mocks.go:10204.141,10206.3 1 0
github.com/devantler-tech/ksail-go/pkg/provisioner/mocks.go:10207.2,10207.125 1 0
github.com/devantler-tech/ksail-go/pkg/provisioner/mocks.go:10207.125,10209.3 1 0
github.com/devantler-tech/ksail-go/pkg/provisioner/mocks.go:10209.8,10210.24 1 0
github.com/devantler-tech/ksail-go/pkg/provisioner/mocks.go:10210.24,10212.4 1 0
github.com/devantler-tech/ksail-go/pkg/provisioner/mocks.go:10214.2,10214.108 1 0
github.com/devantler-tech/ksail-go/pkg/provisioner/mocks.go:10214.108,10216.3 1 0
github.com/devantler-tech/ksail-go/pkg/provisioner/mocks.go:10216.8,10217.24 1 0
github.com/devantler-tech/ksail-go/pkg/provisioner/mocks.go:10217.24,10219.4 1 0
github.com/devantler-tech/ksail-go/pkg/provisioner/mocks.go:10221.2,10221.15 1 0
github.com/devantler-tech/ksail-go/pkg/provisioner/mocks.go:10233.165,10235.2 1 0
github.com/devantler-tech/ksail-go/pkg/provisioner/mocks.go:10237.186,10238.40 1 0
github.com/devantler-tech/ksail-go/pkg/provisioner/mocks.go:10238.40,10240.21 2 0
github.com/devantler-tech/ksail-go/pkg/provisioner/mocks.go:10240.21,10242.4 1 0
github.com/devantler-tech/ksail-go/pkg/provisioner/mocks.go:10243.3,10244.21 2 0
github.com/devantler-tech/ksail-go/pkg/provisioner/mocks.go:10244.21,10246.4 1 0
github.com/devantler-tech/ksail-go/pkg/provisioner/mocks.go:10247.3,10248.21 2 0
github.com/devantler-tech/ksail-go/pkg/provisioner/mocks.go:10248.21,10250.4 1 0
github.com/devantler-tech/ksail-go/pkg/provisioner/mocks.go:10251.3,10255.4 1 0
github.com/devantler-tech/ksail-go/pkg/provisioner/mocks.go:10257.2,10257.11 1 0
github.com/devantler-tech/ksail-go/pkg/provisioner/mocks.go:10260.170,10263.2 2 0
github.com/devantler-tech/ksail-go/pkg/provisioner/mocks.go:10265.241,10268.2 2 0
github.com/devantler-tech/ksail-go/pkg/provisioner/mocks.go:10271.133,10274.19 2 0
github.com/devantler-tech/ksail-go/pkg/provisioner/mocks.go:10274.19,10275.57 1 0
github.com/devantler-tech/ksail-go/pkg/provisioner/mocks.go:10278.2,10280.107 3 0
github.com/devantler-tech/ksail-go/pkg/provisioner/mocks.go:10280.107,10282.3 1 0
github.com/devantler-tech/ksail-go/pkg/provisioner/mocks.go:10283.2,10283.98 1 0
github.com/devantler-tech/ksail-go/pkg/provisioner/mocks.go:10283.98,10285.3 1 0
github.com/devantler-tech/ksail-go/pkg/provisioner/mocks.go:10285.8,10287.3 1 0
github.com/devantler-tech/ksail-go/pkg/provisioner/mocks.go:10288.2,10288.82 1 0
github.com/devantler-tech/ksail-go/pkg/provisioner/mocks.go:10288.82,10290.3 1 0
github.com/devantler-tech/ksail-go/pkg/provisioner/mocks.go:10290.8,10292.3 1 0
github.com/devantler-tech/ksail-go/pkg/provisioner/mocks.go:10293.2,10293.15 1 0
github.com/devantler-tech/ksail-go/pkg/provisioner/mocks.go:10304.148,10306.2 1 0
github.com/devantler-tech/ksail-go/pkg/provisioner/mocks.go:10308.163,10309.40 1 0
github.com/devantler-tech/ksail-go/pkg/provisioner/mocks.go:10309.40,10311.21 2 0
github.com/devantler-tech/ksail-go/pkg/provisioner/mocks.go:10311.21,10313.4 1 0
github.com/devantler-tech/ksail-go/pkg/provisioner/mocks.go:10314.3,10315.21 2 0
github.com/devantler-tech/ksail-go/pkg/provisioner/mocks.go:10315.21,10317.4 1 0
github.com/devantler-tech/ksail-go/pkg/provisioner/mocks.go:10318.3,10321.4 1 0
github.com/devantler-tech/ksail-go/pkg/provisioner/mocks.go:10323.2,10323.11 1 0
github.com/devantler-tech/ksail-go/pkg/provisioner/mocks.go:10326.154,10329.2 2 0
github.com/devantler-tech/ksail-go/pkg/provisioner/mocks.go:10331.203,10334.2 2 0
github.com/devantler-tech/ksail-go/pkg/provisioner/mocks.go:10337.155,10340.19 2 0
github.com/devantler-tech/ksail-go/pkg/provisioner/mocks.go:10340.19,10341.59 1 0
github.com/devantler-tech/ksail-go/pkg/provisioner/mocks.go:10344.2,10347.121 4 0
github.com/devantler-tech/ksail-go/pkg/provisioner/mocks.go:10347.121,10349.3 1 0
github.com/devantler-tech/ksail-go/pkg/provisioner/mocks.go:10350.2,10350.92 1 0
github.com/devantler-tech/ksail-go/pkg/provisioner/mocks.go:10350.92,10352.3 1 0
github.com/devantler-tech/ksail-go/pkg/provisioner/mocks.go:10352.8,10353.24 1 0
github.com/devantler-tech/ksail-go/pkg/provisioner/mocks.go:10353.24,10355.4 1 0
github.com/devantler-tech/ksail-go/pkg/provisioner/mocks.go:10357.2,10357.97 1 0
github.com/devantler-tech/ksail-go/pkg/provisioner/mocks.go:10357.97,10359.3 1 0
github.com/devantler-tech/ksail-go/pkg/provisioner/mocks.go:10359.8,10361.3 1 0
github.com/devantler-tech/ksail-go/pkg/provisioner/mocks.go:10362.2,10362.84 1 0
github.com/devantler-tech/ksail-go/pkg/provisioner/mocks.go:10362.84,10364.3 1 0
github.com/devantler-tech/ksail-go/pkg/provisioner/mocks.go:10364.8,10366.3 1 0
github.com/devantler-tech/ksail-go/pkg/provisioner/mocks.go:10367.2,10367.19 1 0
github.com/devantler-tech/ksail-go/pkg/provisioner/mocks.go:10379.171,10381.2 1 0
github.com/devantler-tech/ksail-go/pkg/provisioner/mocks.go:10383.175,10384.40 1 0
github.com/devantler-tech/ksail-go/pkg/provisioner/mocks.go:10384.40,10386.21 2 0
github.com/devantler-tech/ksail-go/pkg/provisioner/mocks.go:10386.21,10388.4 1 0
github.com/devantler-tech/ksail-go/pkg/provisioner/mocks.go:10389.3,10390.21 2 0
github.com/devantler-tech/ksail-go/pkg/provisioner/mocks.go:10390.21,10392.4 1 0
github.com/devantler-tech/ksail-go/pkg/provisioner/mocks.go:10393.3,10394.21 2 0
github.com/devantler-tech/ksail-go/pkg/provisioner/mocks.go:10394.21,10396.4 1 0
github.com/devantler-tech/ksail-go/pkg/provisioner/mocks.go:10397.3,10401.4 1 0
github.com/devantler-tech/ksail-go/pkg/provisioner/mocks.go:10403.2,10403.11 1 0
github.com/devantler-tech/ksail-go/pkg/provisioner/mocks.go:10406.178,10409.2 2 0
github.com/devantler-tech/ksail-go/pkg/provisioner/mocks.go:10411.227,10414.2 2 0
github.com/devantler-tech/ksail-go/pkg/provisioner/mocks.go:10417.174,10420.19 2 0
github.com/devantler-tech/ksail-go/pkg/provisioner/mocks.go:10420.19,10421.57 1 0
github.com/devantler-tech/ksail-go/pkg/provisioner/mocks.go:10424.2,10425.129 2 0
github.com/devantler-tech/ksail-go/pkg/provisioner/mocks.go:10425.129,10427.3 1 0
github.com/devantler-tech/ksail-go/pkg/provisioner/mocks.go:10427.8,10429.3 1 0
github.com/devantler-tech/ksail-go/pkg/provisioner/mocks.go:10430.2,10430.11 1 0
github.com/devantler-tech/ksail-go/pkg/provisioner/mocks.go:10444.206,10446.2 1 0
github.com/devantler-tech/ksail-go/pkg/provisioner/mocks.go:10448.229,10449.40 1 0
github.com/devantler-tech/ksail-go/pkg/provisioner/mocks.go:10449.40,10451.21 2 0
github.com/devantler-tech/ksail-go/pkg/provisioner/mocks.go:10451.21,10453.4 1 0
github.com/devantler-tech/ksail-go/pkg/provisioner/mocks.go:10454.3,10455.21 2 0
github.com/devantler-tech/ksail-go/pkg/provisioner/mocks.go:10455.21,10457.4 1 0
github.com/devantler-tech/ksail-go/pkg/provisioner/mocks.go:10458.3,10459.21 2 0
github.com/devantler-tech/ksail-go/pkg/provisioner/mocks.go:10459.21,10461.4 1 0
github.com/devantler-tech/ksail-go/pkg/provisioner/mocks.go:10462.3,10463.21 2 0
github.com/devantler-tech/ksail-go/pkg/provisioner/mocks.go:10463.21,10465.4 1 0
github.com/devantler-tech/ksail-go/pkg/provisioner/mocks.go:10466.3,10467.21 2 0
github.com/devantler-tech/ksail-go/pkg/provisioner/mocks.go:10467.21,10469.4 1 0
github.com/devantler-tech/ksail-go/pkg/provisioner/mocks.go:10470.3,10476.4 1 0
github.com/devantler-tech/ksail-go/pkg/provisioner/mocks.go:10478.2,10478.11 1 0
github.com/devantler-tech/ksail-go/pkg/provisioner/mocks.go:10481.119,10484.2 2 0
github.com/devantler-tech/ksail-go/pkg/provisioner/mocks.go:10486.244,10489.2 2 0
github.com/devantler-tech/ksail-go/pkg/provisioner/containerengine/engine.go:22.53,25.16 2 1
github.com/devantler-tech/ksail-go/pkg/provisioner/containerengine/engine.go:25.16,30.45 2 1
github.com/devantler-tech/ksail-go/pkg/provisioner/containerengine/engine.go:30.45,32.4 1 1
github.com/devantler-tech/ksail-go/pkg/provisioner/containerengine/engine.go:36.2,40.16 2 0
github.com/devantler-tech/ksail-go/pkg/provisioner/containerengine/engine.go:40.16,45.45 2 0
github.com/devantler-tech/ksail-go/pkg/provisioner/containerengine/engine.go:45.45,47.4 1 0
github.com/devantler-tech/ksail-go/pkg/provisioner/containerengine/engine.go:51.2,55.16 2 0
github.com/devantler-tech/ksail-go/pkg/provisioner/containerengine/engine.go:55.16,60.45 2 0
github.com/devantler-tech/ksail-go/pkg/provisioner/containerengine/engine.go:60.45,62.4 1 0
github.com/devantler-tech/ksail-go/pkg/provisioner/containerengine/engine.go:65.2,65.34 1 0
github.com/devantler-tech/ksail-go/pkg/provisioner/containerengine/engine.go:69.54,73.16 3 1
github.com/devantler-tech/ksail-go/pkg/provisioner/containerengine/engine.go:73.16,75.3 1 1
github.com/devantler-tech/ksail-go/pkg/provisioner/containerengine/engine.go:77.2,77.18 1 1
github.com/devantler-tech/ksail-go/pkg/provisioner/containerengine/engine.go:81.44,83.2 1 1
github.com/devantler-tech/ksail-go/pkg/provisioner/containerengine/engine.go:86.56,88.2 1 1
