mode: set
github.com/devantler-tech/ksail-go/cmd/down.go:11.34,18.2 1 1
github.com/devantler-tech/ksail-go/cmd/down.go:21.59,25.2 2 1
github.com/devantler-tech/ksail-go/cmd/init.go:11.34,17.28 1 1
github.com/devantler-tech/ksail-go/cmd/init.go:17.28,20.4 2 1
github.com/devantler-tech/ksail-go/cmd/init.go:25.59,29.2 2 1
github.com/devantler-tech/ksail-go/cmd/list.go:11.34,17.28 1 1
github.com/devantler-tech/ksail-go/cmd/list.go:17.28,19.4 1 1
github.com/devantler-tech/ksail-go/cmd/list.go:24.59,26.9 2 1
github.com/devantler-tech/ksail-go/cmd/list.go:26.9,28.3 1 1
github.com/devantler-tech/ksail-go/cmd/list.go:28.8,30.3 1 1
github.com/devantler-tech/ksail-go/cmd/list.go:32.2,32.12 1 1
github.com/devantler-tech/ksail-go/cmd/reconcile.go:11.39,19.2 1 1
github.com/devantler-tech/ksail-go/cmd/reconcile.go:22.64,26.2 2 1
github.com/devantler-tech/ksail-go/cmd/root.go:18.62,41.2 11 1
github.com/devantler-tech/ksail-go/cmd/root.go:44.40,46.16 2 1
github.com/devantler-tech/ksail-go/cmd/root.go:46.16,48.3 1 1
github.com/devantler-tech/ksail-go/cmd/root.go:50.2,50.12 1 1
github.com/devantler-tech/ksail-go/cmd/root.go:56.59,63.2 3 1
github.com/devantler-tech/ksail-go/cmd/start.go:11.35,18.2 1 1
github.com/devantler-tech/ksail-go/cmd/start.go:21.60,25.2 2 1
github.com/devantler-tech/ksail-go/cmd/status.go:11.36,18.2 1 1
github.com/devantler-tech/ksail-go/cmd/status.go:21.61,25.2 2 1
github.com/devantler-tech/ksail-go/cmd/stop.go:11.34,18.2 1 1
github.com/devantler-tech/ksail-go/cmd/stop.go:21.59,25.2 2 1
github.com/devantler-tech/ksail-go/cmd/up.go:11.32,18.2 1 1
github.com/devantler-tech/ksail-go/cmd/up.go:21.57,25.2 2 1
