mode: set
github.com/devantler-tech/ksail-go/cmd/ui/quiet/quiet.go:10.49,12.16 2 1
github.com/devantler-tech/ksail-go/cmd/ui/quiet/quiet.go:12.16,14.3 1 0
github.com/devantler-tech/ksail-go/cmd/ui/quiet/quiet.go:16.2,16.15 1 1
github.com/devantler-tech/ksail-go/cmd/ui/quiet/quiet.go:16.15,18.17 2 1
github.com/devantler-tech/ksail-go/cmd/ui/quiet/quiet.go:18.17,20.4 1 0
github.com/devantler-tech/ksail-go/cmd/ui/quiet/quiet.go:23.2,26.15 3 1
github.com/devantler-tech/ksail-go/cmd/ui/quiet/quiet.go:26.15,26.34 1 1
github.com/devantler-tech/ksail-go/cmd/ui/quiet/quiet.go:28.2,28.19 1 1
