mode: atomic
github.com/devantler-tech/ksail-go/cmd/ui/quiet/quiet.go:18.64,20.2 1 3
github.com/devantler-tech/ksail-go/cmd/ui/quiet/quiet.go:23.34,24.16 1 4
github.com/devantler-tech/ksail-go/cmd/ui/quiet/quiet.go:24.16,26.3 1 1
github.com/devantler-tech/ksail-go/cmd/ui/quiet/quiet.go:30.49,32.2 1 2
github.com/devantler-tech/ksail-go/cmd/ui/quiet/quiet.go:35.78,37.16 2 3
github.com/devantler-tech/ksail-go/cmd/ui/quiet/quiet.go:37.16,39.3 1 1
github.com/devantler-tech/ksail-go/cmd/ui/quiet/quiet.go:41.2,41.15 1 2
github.com/devantler-tech/ksail-go/cmd/ui/quiet/quiet.go:41.15,43.3 1 2
github.com/devantler-tech/ksail-go/cmd/ui/quiet/quiet.go:45.2,48.15 3 2
github.com/devantler-tech/ksail-go/cmd/ui/quiet/quiet.go:48.15,48.34 1 2
github.com/devantler-tech/ksail-go/cmd/ui/quiet/quiet.go:50.2,50.19 1 2
