mode: set
github.com/devantler-tech/ksail-go/pkg/installer/flux/installer.go:22.89,28.2 1 1
github.com/devantler-tech/ksail-go/pkg/installer/flux/installer.go:31.41,33.16 2 1
github.com/devantler-tech/ksail-go/pkg/installer/flux/installer.go:33.16,35.3 1 1
github.com/devantler-tech/ksail-go/pkg/installer/flux/installer.go:39.2,39.12 1 0
github.com/devantler-tech/ksail-go/pkg/installer/flux/installer.go:43.43,45.16 2 1
github.com/devantler-tech/ksail-go/pkg/installer/flux/installer.go:45.16,47.3 1 1
github.com/devantler-tech/ksail-go/pkg/installer/flux/installer.go:49.2,50.16 2 1
github.com/devantler-tech/ksail-go/pkg/installer/flux/installer.go:50.16,52.3 1 1
github.com/devantler-tech/ksail-go/pkg/installer/flux/installer.go:54.2,54.12 1 0
github.com/devantler-tech/ksail-go/pkg/installer/flux/installer.go:59.66,61.16 2 1
github.com/devantler-tech/ksail-go/pkg/installer/flux/installer.go:61.16,63.3 1 1
github.com/devantler-tech/ksail-go/pkg/installer/flux/installer.go:65.2,80.16 5 1
github.com/devantler-tech/ksail-go/pkg/installer/flux/installer.go:80.16,82.3 1 1
github.com/devantler-tech/ksail-go/pkg/installer/flux/installer.go:84.2,84.12 1 0
github.com/devantler-tech/ksail-go/pkg/installer/flux/installer.go:87.68,92.16 3 1
github.com/devantler-tech/ksail-go/pkg/installer/flux/installer.go:92.16,94.3 1 1
github.com/devantler-tech/ksail-go/pkg/installer/flux/installer.go:96.2,106.16 3 1
github.com/devantler-tech/ksail-go/pkg/installer/flux/installer.go:106.16,108.3 1 0
github.com/devantler-tech/ksail-go/pkg/installer/flux/installer.go:110.2,110.20 1 1
github.com/devantler-tech/ksail-go/pkg/installer/kubectl/installer.go:42.95,48.2 1 1
github.com/devantler-tech/ksail-go/pkg/installer/kubectl/installer.go:51.44,53.16 2 1
github.com/devantler-tech/ksail-go/pkg/installer/kubectl/installer.go:53.16,55.3 1 1
github.com/devantler-tech/ksail-go/pkg/installer/kubectl/installer.go:57.2,58.16 2 1
github.com/devantler-tech/ksail-go/pkg/installer/kubectl/installer.go:58.16,60.3 1 1
github.com/devantler-tech/ksail-go/pkg/installer/kubectl/installer.go:62.2,63.16 2 0
github.com/devantler-tech/ksail-go/pkg/installer/kubectl/installer.go:63.16,65.3 1 0
github.com/devantler-tech/ksail-go/pkg/installer/kubectl/installer.go:67.2,67.12 1 0
github.com/devantler-tech/ksail-go/pkg/installer/kubectl/installer.go:71.46,73.16 2 1
github.com/devantler-tech/ksail-go/pkg/installer/kubectl/installer.go:73.16,75.3 1 1
github.com/devantler-tech/ksail-go/pkg/installer/kubectl/installer.go:77.2,81.16 4 1
github.com/devantler-tech/ksail-go/pkg/installer/kubectl/installer.go:81.16,83.3 1 0
github.com/devantler-tech/ksail-go/pkg/installer/kubectl/installer.go:85.2,89.16 4 1
github.com/devantler-tech/ksail-go/pkg/installer/kubectl/installer.go:89.16,91.3 1 0
github.com/devantler-tech/ksail-go/pkg/installer/kubectl/installer.go:93.2,97.12 2 1
github.com/devantler-tech/ksail-go/pkg/installer/kubectl/installer.go:103.70,105.16 2 1
github.com/devantler-tech/ksail-go/pkg/installer/kubectl/installer.go:105.16,107.3 1 0
github.com/devantler-tech/ksail-go/pkg/installer/kubectl/installer.go:109.2,115.31 5 1
github.com/devantler-tech/ksail-go/pkg/installer/kubectl/installer.go:115.31,117.17 2 0
github.com/devantler-tech/ksail-go/pkg/installer/kubectl/installer.go:117.17,119.4 1 0
github.com/devantler-tech/ksail-go/pkg/installer/kubectl/installer.go:121.3,122.17 2 0
github.com/devantler-tech/ksail-go/pkg/installer/kubectl/installer.go:122.17,124.4 1 0
github.com/devantler-tech/ksail-go/pkg/installer/kubectl/installer.go:125.8,125.23 1 1
github.com/devantler-tech/ksail-go/pkg/installer/kubectl/installer.go:125.23,127.3 1 1
github.com/devantler-tech/ksail-go/pkg/installer/kubectl/installer.go:129.2,129.12 1 0
github.com/devantler-tech/ksail-go/pkg/installer/kubectl/installer.go:133.77,135.16 2 0
github.com/devantler-tech/ksail-go/pkg/installer/kubectl/installer.go:135.16,137.3 1 0
github.com/devantler-tech/ksail-go/pkg/installer/kubectl/installer.go:139.2,147.31 6 0
github.com/devantler-tech/ksail-go/pkg/installer/kubectl/installer.go:147.31,149.17 2 0
github.com/devantler-tech/ksail-go/pkg/installer/kubectl/installer.go:149.17,151.4 1 0
github.com/devantler-tech/ksail-go/pkg/installer/kubectl/installer.go:152.8,152.23 1 0
github.com/devantler-tech/ksail-go/pkg/installer/kubectl/installer.go:152.23,154.3 1 0
github.com/devantler-tech/ksail-go/pkg/installer/kubectl/installer.go:156.2,156.12 1 0
github.com/devantler-tech/ksail-go/pkg/installer/kubectl/installer.go:159.68,166.21 4 1
github.com/devantler-tech/ksail-go/pkg/installer/kubectl/installer.go:166.21,168.3 1 1
github.com/devantler-tech/ksail-go/pkg/installer/kubectl/installer.go:170.2,173.16 3 1
github.com/devantler-tech/ksail-go/pkg/installer/kubectl/installer.go:173.16,175.3 1 1
github.com/devantler-tech/ksail-go/pkg/installer/kubectl/installer.go:177.2,177.24 1 1
github.com/devantler-tech/ksail-go/pkg/installer/kubectl/installer.go:181.103,185.16 3 0
github.com/devantler-tech/ksail-go/pkg/installer/kubectl/installer.go:185.16,187.3 1 0
github.com/devantler-tech/ksail-go/pkg/installer/kubectl/installer.go:189.2,190.36 2 0
github.com/devantler-tech/ksail-go/pkg/installer/kubectl/installer.go:190.36,192.20 2 0
github.com/devantler-tech/ksail-go/pkg/installer/kubectl/installer.go:192.20,194.4 1 0
github.com/devantler-tech/ksail-go/pkg/installer/kubectl/installer.go:196.3,199.18 3 0
github.com/devantler-tech/ksail-go/pkg/installer/kubectl/installer.go:199.18,201.4 1 0
github.com/devantler-tech/ksail-go/pkg/installer/kubectl/installer.go:203.3,203.13 1 0
github.com/devantler-tech/ksail-go/pkg/installer/kubectl/installer.go:206.2,206.52 1 0
github.com/devantler-tech/ksail-go/pkg/installer/kubectl/installer.go:213.9,218.43 2 0
github.com/devantler-tech/ksail-go/pkg/installer/kubectl/installer.go:218.43,220.18 2 0
github.com/devantler-tech/ksail-go/pkg/installer/kubectl/installer.go:220.18,221.34 1 0
github.com/devantler-tech/ksail-go/pkg/installer/kubectl/installer.go:221.34,223.6 1 0
github.com/devantler-tech/ksail-go/pkg/installer/kubectl/installer.go:225.5,225.59 1 0
github.com/devantler-tech/ksail-go/pkg/installer/kubectl/installer.go:228.4,228.47 1 0
github.com/devantler-tech/ksail-go/pkg/installer/kubectl/installer.go:228.47,229.97 1 0
github.com/devantler-tech/ksail-go/pkg/installer/kubectl/installer.go:229.97,231.6 1 0
github.com/devantler-tech/ksail-go/pkg/installer/kubectl/installer.go:233.5,235.47 1 0
github.com/devantler-tech/ksail-go/pkg/installer/kubectl/installer.go:235.47,237.6 1 0
github.com/devantler-tech/ksail-go/pkg/installer/kubectl/installer.go:240.4,240.21 1 0
github.com/devantler-tech/ksail-go/pkg/installer/kubectl/installer.go:242.2,242.16 1 0
github.com/devantler-tech/ksail-go/pkg/installer/kubectl/installer.go:242.16,244.3 1 0
github.com/devantler-tech/ksail-go/pkg/installer/kubectl/installer.go:246.2,246.12 1 0
github.com/devantler-tech/ksail-go/pkg/installer/kubectl/installer.go:254.9,258.16 3 0
github.com/devantler-tech/ksail-go/pkg/installer/kubectl/installer.go:258.16,260.3 1 0
github.com/devantler-tech/ksail-go/pkg/installer/kubectl/installer.go:262.2,266.36 4 0
github.com/devantler-tech/ksail-go/pkg/installer/kubectl/installer.go:266.36,268.20 2 0
github.com/devantler-tech/ksail-go/pkg/installer/kubectl/installer.go:268.20,270.4 1 0
github.com/devantler-tech/ksail-go/pkg/installer/kubectl/installer.go:272.3,275.18 3 0
github.com/devantler-tech/ksail-go/pkg/installer/kubectl/installer.go:275.18,277.4 1 0
github.com/devantler-tech/ksail-go/pkg/installer/kubectl/installer.go:279.3,279.13 1 0
github.com/devantler-tech/ksail-go/pkg/installer/kubectl/installer.go:282.2,282.60 1 0
