mode: set
github.com/devantler-tech/ksail-go/cmd/ui/notify/notify.go:24.56,27.2 2 1
github.com/devantler-tech/ksail-go/cmd/ui/notify/notify.go:30.40,33.2 2 1
github.com/devantler-tech/ksail-go/cmd/ui/notify/notify.go:36.42,39.2 2 1
github.com/devantler-tech/ksail-go/cmd/ui/notify/notify.go:42.55,45.2 2 1
github.com/devantler-tech/ksail-go/cmd/ui/notify/notify.go:48.39,51.2 2 1
github.com/devantler-tech/ksail-go/cmd/ui/notify/notify.go:54.41,57.2 2 1
github.com/devantler-tech/ksail-go/cmd/ui/notify/notify.go:60.58,63.2 2 1
github.com/devantler-tech/ksail-go/cmd/ui/notify/notify.go:66.42,69.2 2 1
github.com/devantler-tech/ksail-go/cmd/ui/notify/notify.go:72.44,75.2 2 1
github.com/devantler-tech/ksail-go/cmd/ui/notify/notify.go:78.59,81.2 2 1
github.com/devantler-tech/ksail-go/cmd/ui/notify/notify.go:84.43,87.2 2 1
github.com/devantler-tech/ksail-go/cmd/ui/notify/notify.go:90.45,93.2 2 1
github.com/devantler-tech/ksail-go/cmd/ui/notify/notify.go:98.84,102.2 3 1
github.com/devantler-tech/ksail-go/cmd/ui/notify/notify.go:105.75,108.2 2 1
github.com/devantler-tech/ksail-go/cmd/ui/notify/notify.go:111.77,114.2 2 1
github.com/devantler-tech/ksail-go/cmd/ui/notify/notify.go:117.35,118.16 1 1
github.com/devantler-tech/ksail-go/cmd/ui/notify/notify.go:118.16,120.3 1 1
