mode: set
github.com/devantler-tech/ksail-go/pkg/io/reader.go:18.62,21.44 2 1
github.com/devantler-tech/ksail-go/pkg/io/reader.go:21.44,23.3 1 1
github.com/devantler-tech/ksail-go/pkg/io/reader.go:25.2,26.16 2 1
github.com/devantler-tech/ksail-go/pkg/io/reader.go:26.16,28.3 1 1
github.com/devantler-tech/ksail-go/pkg/io/reader.go:30.2,30.18 1 1
github.com/devantler-tech/ksail-go/pkg/io/writer.go:26.65,28.16 2 1
github.com/devantler-tech/ksail-go/pkg/io/writer.go:28.16,30.3 1 1
github.com/devantler-tech/ksail-go/pkg/io/writer.go:32.2,32.21 1 1
github.com/devantler-tech/ksail-go/pkg/io/writer.go:37.74,38.20 1 0
github.com/devantler-tech/ksail-go/pkg/io/writer.go:38.20,40.3 1 0
github.com/devantler-tech/ksail-go/pkg/io/writer.go:42.2,42.20 1 0
github.com/devantler-tech/ksail-go/pkg/io/writer.go:42.20,44.3 1 0
github.com/devantler-tech/ksail-go/pkg/io/writer.go:47.2,50.44 2 0
github.com/devantler-tech/ksail-go/pkg/io/writer.go:50.44,52.3 1 0
github.com/devantler-tech/ksail-go/pkg/io/writer.go:55.2,55.12 1 0
github.com/devantler-tech/ksail-go/pkg/io/writer.go:55.12,57.17 2 0
github.com/devantler-tech/ksail-go/pkg/io/writer.go:57.17,59.4 1 0
github.com/devantler-tech/ksail-go/pkg/io/writer.go:59.9,59.45 1 0
github.com/devantler-tech/ksail-go/pkg/io/writer.go:59.45,61.4 1 0
github.com/devantler-tech/ksail-go/pkg/io/writer.go:65.2,68.16 3 0
github.com/devantler-tech/ksail-go/pkg/io/writer.go:68.16,70.3 1 0
github.com/devantler-tech/ksail-go/pkg/io/writer.go:73.2,74.16 2 0
github.com/devantler-tech/ksail-go/pkg/io/writer.go:74.16,76.3 1 0
github.com/devantler-tech/ksail-go/pkg/io/writer.go:78.2,78.12 1 0
github.com/devantler-tech/ksail-go/pkg/io/writer.go:83.78,84.18 1 1
github.com/devantler-tech/ksail-go/pkg/io/writer.go:84.18,86.3 1 1
github.com/devantler-tech/ksail-go/pkg/io/writer.go:89.2,92.12 2 1
github.com/devantler-tech/ksail-go/pkg/io/writer.go:92.12,94.17 2 1
github.com/devantler-tech/ksail-go/pkg/io/writer.go:94.17,96.4 1 1
github.com/devantler-tech/ksail-go/pkg/io/writer.go:96.9,96.45 1 1
github.com/devantler-tech/ksail-go/pkg/io/writer.go:96.45,98.4 1 1
github.com/devantler-tech/ksail-go/pkg/io/writer.go:102.2,105.16 3 1
github.com/devantler-tech/ksail-go/pkg/io/writer.go:105.16,107.3 1 1
github.com/devantler-tech/ksail-go/pkg/io/writer.go:110.2,111.16 2 1
github.com/devantler-tech/ksail-go/pkg/io/writer.go:111.16,113.3 1 0
github.com/devantler-tech/ksail-go/pkg/io/writer.go:115.2,115.21 1 1
github.com/devantler-tech/ksail-go/pkg/io/writer.go:121.38,122.11 1 1
github.com/devantler-tech/ksail-go/pkg/io/writer.go:122.11,124.3 1 1
github.com/devantler-tech/ksail-go/pkg/io/writer.go:126.2,126.18 1 1
